ARM GAS  C:\Users\Administrator\AppData\Local\Temp\ccaQRN4J.s 			page 1


   1              		.cpu cortex-m3
   2              		.arch armv7-m
   3              		.fpu softvfp
   4              		.eabi_attribute 20, 1
   5              		.eabi_attribute 21, 1
   6              		.eabi_attribute 23, 3
   7              		.eabi_attribute 24, 1
   8              		.eabi_attribute 25, 1
   9              		.eabi_attribute 26, 1
  10              		.eabi_attribute 30, 1
  11              		.eabi_attribute 34, 1
  12              		.eabi_attribute 18, 4
  13              		.file	"DPPTM.c"
  14              		.text
  15              	.Ltext0:
  16              		.cfi_sections	.debug_frame
  17              		.file 1 "User/Source/DPPTM.c"
  18              		.section	.rodata.DPPTMInitial.str1.4,"aMS",%progbits,1
  19              		.align	2
  20              	.LC0:
  21 0000 E58F91E9 		.ascii	"\345\217\221\351\200\201\346\225\260\345\255\227\347"
  21      8081E695 
  21      B0E5AD97 
  21      E7
  22 000d 94B5E4BD 		.ascii	"\224\265\344\275\215\345\231\250\345\234\260\345\235"
  22      8DE599A8 
  22      E59CB0E5 
  22      9D
  23 001a 80E68890 		.ascii	"\200\346\210\220\345\212\237\015\000"
  23      E58A9F0D 
  23      00
  24 0023 00       		.align	2
  25              	.LC1:
  26 0024 E58F91E9 		.ascii	"\345\217\221\351\200\201\346\225\260\345\255\227\347"
  26      8081E695 
  26      B0E5AD97 
  26      E7
  27 0031 94B5E4BD 		.ascii	"\224\265\344\275\215\345\231\250\345\206\231\345\221"
  27      8DE599A8 
  27      E58699E5 
  27      91
  28 003e BDE4BBA4 		.ascii	"\275\344\273\244\346\210\220\345\212\237\015\000"
  28      E68890E5 
  28      8A9F0D00 
  29 004a 0000     		.align	2
  30              	.LC2:
  31 004c E59091E6 		.ascii	"\345\220\221\346\225\260\345\255\227\347\224\265\344"
  31      95B0E5AD 
  31      97E794B5 
  31      E4
  32 0059 BD8DE599 		.ascii	"\275\215\345\231\250\345\206\231\345\205\245\346\225"
  32      A8E58699 
  32      E585A5E6 
  32      95
  33 0066 B0E68DAE 		.ascii	"\260\346\215\256\346\210\220\345\212\237,\346\225\260"
  33      E68890E5 
  33      8A9F2CE6 
ARM GAS  C:\Users\Administrator\AppData\Local\Temp\ccaQRN4J.s 			page 2


  33      95B0
  34 0074 E68DAE20 		.ascii	"\346\215\256 = 0x%02X\015\012\000"
  34      3D203078 
  34      25303258 
  34      0D0A00
  35              		.section	.text.DPPTMInitial,"ax",%progbits
  36              		.align	1
  37              		.global	DPPTMInitial
  38              		.syntax unified
  39              		.thumb
  40              		.thumb_func
  42              	DPPTMInitial:
  43              	.LVL0:
  44              	.LFB75:
   1:User/Source/DPPTM.c **** #include "DPPTM.h"
   2:User/Source/DPPTM.c **** 
   3:User/Source/DPPTM.c **** 
   4:User/Source/DPPTM.c **** /**
   5:User/Source/DPPTM.c ****  * @å‡½æ•°åç§°       ç”µå­ç”µä½å™¨æŠ½å¤´åˆå§‹åŒ–
   6:User/Source/DPPTM.c ****  * @è¯´æ˜           Date:æ˜¯éœ€è¦è°ƒæ•´æŠ½å¤´ä½ç½®çš„æ•°æ®
   7:User/Source/DPPTM.c ****  */
   8:User/Source/DPPTM.c **** void DPPTMInitial(uint8_t Data)
   9:User/Source/DPPTM.c **** {
  45              		.loc 1 9 1 view -0
  46              		.cfi_startproc
  47              		@ args = 0, pretend = 0, frame = 0
  48              		@ frame_needed = 0, uses_anonymous_args = 0
  49              		.loc 1 9 1 is_stmt 0 view .LVU1
  50 0000 10B5     		push	{r4, lr}
  51              	.LCFI0:
  52              		.cfi_def_cfa_offset 8
  53              		.cfi_offset 4, -8
  54              		.cfi_offset 14, -4
  55 0002 0446     		mov	r4, r0
  10:User/Source/DPPTM.c ****     Soft_IIC_Start();                                                         //å‘é€IICèµ·å§‹ä¿¡å
  56              		.loc 1 10 5 is_stmt 1 view .LVU2
  57 0004 FFF7FEFF 		bl	Soft_IIC_Start
  58              	.LVL1:
  11:User/Source/DPPTM.c ****     if(Soft_IIC_Write_Byte(0x7C))                                             //å‘é€ä»æœºåœ°å€ï
  59              		.loc 1 11 5 view .LVU3
  60              		.loc 1 11 8 is_stmt 0 view .LVU4
  61 0008 7C20     		movs	r0, #124
  62 000a FFF7FEFF 		bl	Soft_IIC_Write_Byte
  63              	.LVL2:
  64              		.loc 1 11 7 discriminator 1 view .LVU5
  65 000e 10B9     		cbnz	r0, .L4
  66              	.L2:
  12:User/Source/DPPTM.c ****     {
  13:User/Source/DPPTM.c ****         printf("å‘é€æ•°å­—ç”µä½å™¨åœ°å€æˆåŠŸ\r\n");
  14:User/Source/DPPTM.c ****         if (Soft_IIC_Write_Byte(0x00))                                        //åœ°å€å‘é€æˆåŠŸ,
  15:User/Source/DPPTM.c ****         {
  16:User/Source/DPPTM.c ****             printf("å‘é€æ•°å­—ç”µä½å™¨å†™å‘½ä»¤æˆåŠŸ\r\n");
  17:User/Source/DPPTM.c ****             if (Soft_IIC_Write_Byte(Data))                                    //å‘é€æŠ½å¤´è°ƒæ•´æ
  18:User/Source/DPPTM.c ****             {
  19:User/Source/DPPTM.c ****                 printf("å‘æ•°å­—ç”µä½å™¨å†™å…¥æ•°æ®æˆåŠŸ,æ•°æ® = 0x%02X\r\n", Data);
  20:User/Source/DPPTM.c ****             } 
  21:User/Source/DPPTM.c ****     
ARM GAS  C:\Users\Administrator\AppData\Local\Temp\ccaQRN4J.s 			page 3


  22:User/Source/DPPTM.c ****         }
  23:User/Source/DPPTM.c ****     }
  24:User/Source/DPPTM.c ****     
  25:User/Source/DPPTM.c ****     Soft_IIC_Stop();                                                           //å‘é€IICåœæ­¢ä¿¡
  67              		.loc 1 25 5 is_stmt 1 view .LVU6
  68 0010 FFF7FEFF 		bl	Soft_IIC_Stop
  69              	.LVL3:
  26:User/Source/DPPTM.c **** }
  70              		.loc 1 26 1 is_stmt 0 view .LVU7
  71 0014 10BD     		pop	{r4, pc}
  72              	.LVL4:
  73              	.L4:
  13:User/Source/DPPTM.c ****         if (Soft_IIC_Write_Byte(0x00))                                        //åœ°å€å‘é€æˆåŠŸ,
  74              		.loc 1 13 9 is_stmt 1 view .LVU8
  75 0016 0A48     		ldr	r0, .L5
  76 0018 FFF7FEFF 		bl	puts
  77              	.LVL5:
  14:User/Source/DPPTM.c ****         {
  78              		.loc 1 14 9 view .LVU9
  14:User/Source/DPPTM.c ****         {
  79              		.loc 1 14 13 is_stmt 0 view .LVU10
  80 001c 0020     		movs	r0, #0
  81 001e FFF7FEFF 		bl	Soft_IIC_Write_Byte
  82              	.LVL6:
  14:User/Source/DPPTM.c ****         {
  83              		.loc 1 14 12 discriminator 1 view .LVU11
  84 0022 0028     		cmp	r0, #0
  85 0024 F4D0     		beq	.L2
  16:User/Source/DPPTM.c ****             if (Soft_IIC_Write_Byte(Data))                                    //å‘é€æŠ½å¤´è°ƒæ•´æ
  86              		.loc 1 16 13 is_stmt 1 view .LVU12
  87 0026 0748     		ldr	r0, .L5+4
  88 0028 FFF7FEFF 		bl	puts
  89              	.LVL7:
  17:User/Source/DPPTM.c ****             {
  90              		.loc 1 17 13 view .LVU13
  17:User/Source/DPPTM.c ****             {
  91              		.loc 1 17 17 is_stmt 0 view .LVU14
  92 002c 2046     		mov	r0, r4
  93 002e FFF7FEFF 		bl	Soft_IIC_Write_Byte
  94              	.LVL8:
  17:User/Source/DPPTM.c ****             {
  95              		.loc 1 17 16 discriminator 1 view .LVU15
  96 0032 0028     		cmp	r0, #0
  97 0034 ECD0     		beq	.L2
  19:User/Source/DPPTM.c ****             } 
  98              		.loc 1 19 17 is_stmt 1 view .LVU16
  99 0036 2146     		mov	r1, r4
 100 0038 0348     		ldr	r0, .L5+8
 101 003a FFF7FEFF 		bl	printf
 102              	.LVL9:
 103 003e E7E7     		b	.L2
 104              	.L6:
 105              		.align	2
 106              	.L5:
 107 0040 00000000 		.word	.LC0
 108 0044 24000000 		.word	.LC1
 109 0048 4C000000 		.word	.LC2
ARM GAS  C:\Users\Administrator\AppData\Local\Temp\ccaQRN4J.s 			page 4


 110              		.cfi_endproc
 111              	.LFE75:
 113              		.section	.text.DPPTMRead,"ax",%progbits
 114              		.align	1
 115              		.global	DPPTMRead
 116              		.syntax unified
 117              		.thumb
 118              		.thumb_func
 120              	DPPTMRead:
 121              	.LVL10:
 122              	.LFB77:
  27:User/Source/DPPTM.c **** 
  28:User/Source/DPPTM.c **** 
  29:User/Source/DPPTM.c **** 
  30:User/Source/DPPTM.c **** /**
  31:User/Source/DPPTM.c ****  * @brief  IICè¯»å†™å‡½æ•°
  32:User/Source/DPPTM.c ****  * @param  Address: æ•°å­—ç”µä½å™¨åœ°å€
  33:User/Source/DPPTM.c ****  *         RW: 0æ˜¯è¯»æ•°æ®ï¼Œ1æ˜¯å†™æ•°æ®
  34:User/Source/DPPTM.c ****  *         DataNum: å¾…å‘é€æ•°æ®çš„å­—èŠ‚é•¿åº¦
  35:User/Source/DPPTM.c ****  */
  36:User/Source/DPPTM.c **** void DPPTM_RW(uint8_t Address, uint8_t RW, uint8_t DataNum)
  37:User/Source/DPPTM.c **** {
  38:User/Source/DPPTM.c ****     if (RW == 0)
  39:User/Source/DPPTM.c ****     {
  40:User/Source/DPPTM.c ****         DPPTMRead(Address, RW, DataNum);
  41:User/Source/DPPTM.c ****     }
  42:User/Source/DPPTM.c **** 
  43:User/Source/DPPTM.c ****     //è¦é€šè¿‡IICå†™å…¥æ•°æ®
  44:User/Source/DPPTM.c ****     if (RW == 1)
  45:User/Source/DPPTM.c ****     {
  46:User/Source/DPPTM.c ****         DPPTMWrite(Address, RW, DataNum);
  47:User/Source/DPPTM.c ****     }
  48:User/Source/DPPTM.c **** }
  49:User/Source/DPPTM.c **** 
  50:User/Source/DPPTM.c **** 
  51:User/Source/DPPTM.c **** /**
  52:User/Source/DPPTM.c ****  * @brief  IICè¯»æ•°æ®å‡½æ•°
  53:User/Source/DPPTM.c ****  * @param  Address: æ•°å­—ç”µä½å™¨åœ°å€
  54:User/Source/DPPTM.c ****  *         RW: 0æ˜¯è¯»æ•°æ®ï¼Œ1æ˜¯å†™æ•°æ®
  55:User/Source/DPPTM.c ****  *         DataNum: å¾…å‘é€æ•°æ®çš„å­—èŠ‚é•¿åº¦
  56:User/Source/DPPTM.c ****  */
  57:User/Source/DPPTM.c **** void DPPTMRead(uint8_t Address, uint8_t RW, uint8_t DataNum)
  58:User/Source/DPPTM.c **** {
 123              		.loc 1 58 1 view -0
 124              		.cfi_startproc
 125              		@ args = 0, pretend = 0, frame = 0
 126              		@ frame_needed = 0, uses_anonymous_args = 0
 127              		@ link register save eliminated.
  59:User/Source/DPPTM.c **** 
  60:User/Source/DPPTM.c **** }
 128              		.loc 1 60 1 view .LVU18
 129 0000 7047     		bx	lr
 130              		.cfi_endproc
 131              	.LFE77:
 133              		.section	.text.DPPTMWrite,"ax",%progbits
 134              		.align	1
 135              		.global	DPPTMWrite
ARM GAS  C:\Users\Administrator\AppData\Local\Temp\ccaQRN4J.s 			page 5


 136              		.syntax unified
 137              		.thumb
 138              		.thumb_func
 140              	DPPTMWrite:
 141              	.LVL11:
 142              	.LFB78:
  61:User/Source/DPPTM.c **** 
  62:User/Source/DPPTM.c **** 
  63:User/Source/DPPTM.c **** /**
  64:User/Source/DPPTM.c ****  * @brief  IICå†™æ•°æ®å‡½æ•°
  65:User/Source/DPPTM.c ****  * @param  Address: æ•°å­—ç”µä½å™¨åœ°å€
  66:User/Source/DPPTM.c ****  *         RW: 0æ˜¯è¯»æ•°æ®ï¼Œ1æ˜¯å†™æ•°æ®
  67:User/Source/DPPTM.c ****  *         DataNum: å¾…å‘é€æ•°æ®çš„å­—èŠ‚é•¿åº¦
  68:User/Source/DPPTM.c ****  */
  69:User/Source/DPPTM.c **** void DPPTMWrite(uint8_t Address, uint8_t RW, uint8_t DataNum)
  70:User/Source/DPPTM.c **** {
 143              		.loc 1 70 1 view -0
 144              		.cfi_startproc
 145              		@ args = 0, pretend = 0, frame = 0
 146              		@ frame_needed = 0, uses_anonymous_args = 0
 147              		.loc 1 70 1 is_stmt 0 view .LVU20
 148 0000 70B5     		push	{r4, r5, r6, lr}
 149              	.LCFI1:
 150              		.cfi_def_cfa_offset 16
 151              		.cfi_offset 4, -16
 152              		.cfi_offset 5, -12
 153              		.cfi_offset 6, -8
 154              		.cfi_offset 14, -4
 155 0002 0446     		mov	r4, r0
 156 0004 0D46     		mov	r5, r1
 157 0006 1646     		mov	r6, r2
  71:User/Source/DPPTM.c ****     Soft_IIC_Start();                                                                              
 158              		.loc 1 71 5 is_stmt 1 view .LVU21
 159 0008 FFF7FEFF 		bl	Soft_IIC_Start
 160              	.LVL12:
  72:User/Source/DPPTM.c ****     if(Soft_IIC_Write_Byte(Address) && (RW == 1))                                                  
 161              		.loc 1 72 5 view .LVU22
 162              		.loc 1 72 8 is_stmt 0 view .LVU23
 163 000c 2046     		mov	r0, r4
 164 000e FFF7FEFF 		bl	Soft_IIC_Write_Byte
 165              	.LVL13:
 166              		.loc 1 72 7 discriminator 1 view .LVU24
 167 0012 08B1     		cbz	r0, .L9
 168              		.loc 1 72 37 discriminator 1 view .LVU25
 169 0014 012D     		cmp	r5, #1
 170 0016 02D0     		beq	.L14
 171              	.LVL14:
 172              	.L9:
  73:User/Source/DPPTM.c ****     {
  74:User/Source/DPPTM.c ****         printf("å‘é€æ•°å­—ç”µä½å™¨åœ°å€æˆåŠŸ\r\n");
  75:User/Source/DPPTM.c ****         if (Soft_IIC_Write_Byte(0x00))                                                             
  76:User/Source/DPPTM.c ****         {
  77:User/Source/DPPTM.c ****             printf("å‘é€æ•°å­—ç”µä½å™¨å†™å‘½ä»¤æˆåŠŸ\r\n");
  78:User/Source/DPPTM.c ****             for (int i = 0; i < DataNum; i++)                                                      
  79:User/Source/DPPTM.c ****             {
  80:User/Source/DPPTM.c ****                 if (Soft_IIC_Write_Byte(GetCDCDate.GetCDCDateBuffer[6 + i]))                       
  81:User/Source/DPPTM.c ****                 {
ARM GAS  C:\Users\Administrator\AppData\Local\Temp\ccaQRN4J.s 			page 6


  82:User/Source/DPPTM.c ****                     printf("å‘æ•°å­—ç”µä½å™¨å†™å…¥æ•°æ®æˆåŠŸ,æ•°æ® = 0x%02X\r\n", GetCDCDate.G
  83:User/Source/DPPTM.c ****                 } 
  84:User/Source/DPPTM.c ****             }
  85:User/Source/DPPTM.c ****         }
  86:User/Source/DPPTM.c ****     }
  87:User/Source/DPPTM.c ****     
  88:User/Source/DPPTM.c ****     Soft_IIC_Stop();                                                                               
 173              		.loc 1 88 5 is_stmt 1 view .LVU26
 174 0018 FFF7FEFF 		bl	Soft_IIC_Stop
 175              	.LVL15:
  89:User/Source/DPPTM.c **** }
 176              		.loc 1 89 1 is_stmt 0 view .LVU27
 177 001c 70BD     		pop	{r4, r5, r6, pc}
 178              	.LVL16:
 179              	.L14:
  74:User/Source/DPPTM.c ****         if (Soft_IIC_Write_Byte(0x00))                                                             
 180              		.loc 1 74 9 is_stmt 1 view .LVU28
 181 001e 0E48     		ldr	r0, .L15
 182 0020 FFF7FEFF 		bl	puts
 183              	.LVL17:
  75:User/Source/DPPTM.c ****         {
 184              		.loc 1 75 9 view .LVU29
  75:User/Source/DPPTM.c ****         {
 185              		.loc 1 75 13 is_stmt 0 view .LVU30
 186 0024 0020     		movs	r0, #0
 187 0026 FFF7FEFF 		bl	Soft_IIC_Write_Byte
 188              	.LVL18:
  75:User/Source/DPPTM.c ****         {
 189              		.loc 1 75 12 discriminator 1 view .LVU31
 190 002a 0028     		cmp	r0, #0
 191 002c F4D0     		beq	.L9
  77:User/Source/DPPTM.c ****             for (int i = 0; i < DataNum; i++)                                                      
 192              		.loc 1 77 13 is_stmt 1 view .LVU32
 193 002e 0B48     		ldr	r0, .L15+4
 194 0030 FFF7FEFF 		bl	puts
 195              	.LVL19:
  78:User/Source/DPPTM.c ****             {
 196              		.loc 1 78 13 view .LVU33
 197              	.LBB2:
  78:User/Source/DPPTM.c ****             {
 198              		.loc 1 78 18 view .LVU34
  78:User/Source/DPPTM.c ****             {
 199              		.loc 1 78 22 is_stmt 0 view .LVU35
 200 0034 0024     		movs	r4, #0
  78:User/Source/DPPTM.c ****             {
 201              		.loc 1 78 13 view .LVU36
 202 0036 00E0     		b	.L10
 203              	.LVL20:
 204              	.L11:
  78:User/Source/DPPTM.c ****             {
 205              		.loc 1 78 43 is_stmt 1 discriminator 2 view .LVU37
 206 0038 0134     		adds	r4, r4, #1
 207              	.LVL21:
 208              	.L10:
  78:User/Source/DPPTM.c ****             {
 209              		.loc 1 78 31 discriminator 1 view .LVU38
 210 003a A642     		cmp	r6, r4
ARM GAS  C:\Users\Administrator\AppData\Local\Temp\ccaQRN4J.s 			page 7


 211 003c ECDD     		ble	.L9
  80:User/Source/DPPTM.c ****                 {
 212              		.loc 1 80 17 view .LVU39
  80:User/Source/DPPTM.c ****                 {
 213              		.loc 1 80 71 is_stmt 0 view .LVU40
 214 003e A51D     		adds	r5, r4, #6
  80:User/Source/DPPTM.c ****                 {
 215              		.loc 1 80 21 view .LVU41
 216 0040 074B     		ldr	r3, .L15+8
 217 0042 585D     		ldrb	r0, [r3, r5]	@ zero_extendqisi2
 218 0044 FFF7FEFF 		bl	Soft_IIC_Write_Byte
 219              	.LVL22:
  80:User/Source/DPPTM.c ****                 {
 220              		.loc 1 80 20 discriminator 1 view .LVU42
 221 0048 0028     		cmp	r0, #0
 222 004a F5D0     		beq	.L11
  82:User/Source/DPPTM.c ****                 } 
 223              		.loc 1 82 21 is_stmt 1 view .LVU43
 224 004c 044B     		ldr	r3, .L15+8
 225 004e 595D     		ldrb	r1, [r3, r5]	@ zero_extendqisi2
 226 0050 0448     		ldr	r0, .L15+12
 227 0052 FFF7FEFF 		bl	printf
 228              	.LVL23:
 229 0056 EFE7     		b	.L11
 230              	.L16:
 231              		.align	2
 232              	.L15:
 233 0058 00000000 		.word	.LC0
 234 005c 24000000 		.word	.LC1
 235 0060 00000000 		.word	GetCDCDate
 236 0064 4C000000 		.word	.LC2
 237              	.LBE2:
 238              		.cfi_endproc
 239              	.LFE78:
 241              		.section	.text.DPPTM_RW,"ax",%progbits
 242              		.align	1
 243              		.global	DPPTM_RW
 244              		.syntax unified
 245              		.thumb
 246              		.thumb_func
 248              	DPPTM_RW:
 249              	.LVL24:
 250              	.LFB76:
  37:User/Source/DPPTM.c ****     if (RW == 0)
 251              		.loc 1 37 1 view -0
 252              		.cfi_startproc
 253              		@ args = 0, pretend = 0, frame = 0
 254              		@ frame_needed = 0, uses_anonymous_args = 0
  38:User/Source/DPPTM.c ****     {
 255              		.loc 1 38 5 view .LVU45
  40:User/Source/DPPTM.c ****     }
 256              		.loc 1 40 9 view .LVU46
  44:User/Source/DPPTM.c ****     {
 257              		.loc 1 44 5 view .LVU47
  44:User/Source/DPPTM.c ****     {
 258              		.loc 1 44 8 is_stmt 0 view .LVU48
 259 0000 0129     		cmp	r1, #1
ARM GAS  C:\Users\Administrator\AppData\Local\Temp\ccaQRN4J.s 			page 8


 260 0002 00D0     		beq	.L23
 261 0004 7047     		bx	lr
 262              	.L23:
  37:User/Source/DPPTM.c ****     if (RW == 0)
 263              		.loc 1 37 1 view .LVU49
 264 0006 08B5     		push	{r3, lr}
 265              	.LCFI2:
 266              		.cfi_def_cfa_offset 8
 267              		.cfi_offset 3, -8
 268              		.cfi_offset 14, -4
  46:User/Source/DPPTM.c ****     }
 269              		.loc 1 46 9 is_stmt 1 view .LVU50
 270 0008 FFF7FEFF 		bl	DPPTMWrite
 271              	.LVL25:
  48:User/Source/DPPTM.c **** 
 272              		.loc 1 48 1 is_stmt 0 view .LVU51
 273 000c 08BD     		pop	{r3, pc}
 274              		.cfi_endproc
 275              	.LFE76:
 277              		.text
 278              	.Letext0:
 279              		.file 2 "D:/gcc-arm/14.3 rel1/arm-none-eabi/include/machine/_default_types.h"
 280              		.file 3 "D:/gcc-arm/14.3 rel1/arm-none-eabi/include/sys/_stdint.h"
 281              		.file 4 "User/Include/Tasklist.h"
 282              		.file 5 "D:/gcc-arm/14.3 rel1/arm-none-eabi/include/stdio.h"
 283              		.file 6 "User/Include/DPPTMIIC.h"
 284              		.file 7 "<built-in>"
ARM GAS  C:\Users\Administrator\AppData\Local\Temp\ccaQRN4J.s 			page 9


DEFINED SYMBOLS
                            *ABS*:00000000 DPPTM.c
C:\Users\Administrator\AppData\Local\Temp\ccaQRN4J.s:19     .rodata.DPPTMInitial.str1.4:00000000 $d
C:\Users\Administrator\AppData\Local\Temp\ccaQRN4J.s:36     .text.DPPTMInitial:00000000 $t
C:\Users\Administrator\AppData\Local\Temp\ccaQRN4J.s:42     .text.DPPTMInitial:00000000 DPPTMInitial
C:\Users\Administrator\AppData\Local\Temp\ccaQRN4J.s:107    .text.DPPTMInitial:00000040 $d
C:\Users\Administrator\AppData\Local\Temp\ccaQRN4J.s:114    .text.DPPTMRead:00000000 $t
C:\Users\Administrator\AppData\Local\Temp\ccaQRN4J.s:120    .text.DPPTMRead:00000000 DPPTMRead
C:\Users\Administrator\AppData\Local\Temp\ccaQRN4J.s:134    .text.DPPTMWrite:00000000 $t
C:\Users\Administrator\AppData\Local\Temp\ccaQRN4J.s:140    .text.DPPTMWrite:00000000 DPPTMWrite
C:\Users\Administrator\AppData\Local\Temp\ccaQRN4J.s:233    .text.DPPTMWrite:00000058 $d
C:\Users\Administrator\AppData\Local\Temp\ccaQRN4J.s:242    .text.DPPTM_RW:00000000 $t
C:\Users\Administrator\AppData\Local\Temp\ccaQRN4J.s:248    .text.DPPTM_RW:00000000 DPPTM_RW

UNDEFINED SYMBOLS
Soft_IIC_Start
Soft_IIC_Write_Byte
Soft_IIC_Stop
puts
printf
GetCDCDate
