ARM GAS  C:\Users\Administrator\AppData\Local\Temp\ccZqkZpi.s 			page 1


   1              		.cpu cortex-m3
   2              		.arch armv7-m
   3              		.fpu softvfp
   4              		.eabi_attribute 20, 1
   5              		.eabi_attribute 21, 1
   6              		.eabi_attribute 23, 3
   7              		.eabi_attribute 24, 1
   8              		.eabi_attribute 25, 1
   9              		.eabi_attribute 26, 1
  10              		.eabi_attribute 30, 1
  11              		.eabi_attribute 34, 1
  12              		.eabi_attribute 18, 4
  13              		.file	"freertos.c"
  14              		.text
  15              	.Ltext0:
  16              		.cfi_sections	.debug_frame
  17              		.file 1 "Core/Src/freertos.c"
  18              		.section	.text.StartDefaultTask,"ax",%progbits
  19              		.align	1
  20              		.global	StartDefaultTask
  21              		.syntax unified
  22              		.thumb
  23              		.thumb_func
  25              	StartDefaultTask:
  26              	.LVL0:
  27              	.LFB80:
   1:Core/Src/freertos.c **** /* USER CODE BEGIN Header */
   2:Core/Src/freertos.c **** /**
   3:Core/Src/freertos.c ****   ******************************************************************************
   4:Core/Src/freertos.c ****   * File Name          : freertos.c
   5:Core/Src/freertos.c ****   * Description        : Code for freertos applications
   6:Core/Src/freertos.c ****   ******************************************************************************
   7:Core/Src/freertos.c ****   * @attention
   8:Core/Src/freertos.c ****   *
   9:Core/Src/freertos.c ****   * Copyright (c) 2026 STMicroelectronics.
  10:Core/Src/freertos.c ****   * All rights reserved.
  11:Core/Src/freertos.c ****   *
  12:Core/Src/freertos.c ****   * This software is licensed under terms that can be found in the LICENSE file
  13:Core/Src/freertos.c ****   * in the root directory of this software component.
  14:Core/Src/freertos.c ****   * If no LICENSE file comes with this software, it is provided AS-IS.
  15:Core/Src/freertos.c ****   *
  16:Core/Src/freertos.c ****   ******************************************************************************
  17:Core/Src/freertos.c ****   */
  18:Core/Src/freertos.c **** /* USER CODE END Header */
  19:Core/Src/freertos.c **** 
  20:Core/Src/freertos.c **** /* Includes ------------------------------------------------------------------*/
  21:Core/Src/freertos.c **** #include "FreeRTOS.h"
  22:Core/Src/freertos.c **** #include "task.h"
  23:Core/Src/freertos.c **** #include "main.h"
  24:Core/Src/freertos.c **** #include "cmsis_os.h"
  25:Core/Src/freertos.c **** 
  26:Core/Src/freertos.c **** /* Private includes ----------------------------------------------------------*/
  27:Core/Src/freertos.c **** /* USER CODE BEGIN Includes */
  28:Core/Src/freertos.c **** 
  29:Core/Src/freertos.c **** /* USER CODE END Includes */
  30:Core/Src/freertos.c **** 
  31:Core/Src/freertos.c **** /* Private typedef -----------------------------------------------------------*/
ARM GAS  C:\Users\Administrator\AppData\Local\Temp\ccZqkZpi.s 			page 2


  32:Core/Src/freertos.c **** /* USER CODE BEGIN PTD */
  33:Core/Src/freertos.c **** 
  34:Core/Src/freertos.c **** /* USER CODE END PTD */
  35:Core/Src/freertos.c **** 
  36:Core/Src/freertos.c **** /* Private define ------------------------------------------------------------*/
  37:Core/Src/freertos.c **** /* USER CODE BEGIN PD */
  38:Core/Src/freertos.c **** 
  39:Core/Src/freertos.c **** /* USER CODE END PD */
  40:Core/Src/freertos.c **** 
  41:Core/Src/freertos.c **** /* Private macro -------------------------------------------------------------*/
  42:Core/Src/freertos.c **** /* USER CODE BEGIN PM */
  43:Core/Src/freertos.c **** 
  44:Core/Src/freertos.c **** /* USER CODE END PM */
  45:Core/Src/freertos.c **** 
  46:Core/Src/freertos.c **** /* Private variables ---------------------------------------------------------*/
  47:Core/Src/freertos.c **** /* USER CODE BEGIN Variables */
  48:Core/Src/freertos.c **** 
  49:Core/Src/freertos.c **** /* USER CODE END Variables */
  50:Core/Src/freertos.c **** /* Definitions for defaultTask */
  51:Core/Src/freertos.c **** osThreadId_t defaultTaskHandle;
  52:Core/Src/freertos.c **** const osThreadAttr_t defaultTask_attributes = {
  53:Core/Src/freertos.c ****   .name = "defaultTask",
  54:Core/Src/freertos.c ****   .stack_size = 128 * 4,
  55:Core/Src/freertos.c ****   .priority = (osPriority_t) osPriorityNormal,
  56:Core/Src/freertos.c **** };
  57:Core/Src/freertos.c **** 
  58:Core/Src/freertos.c **** /* Private function prototypes -----------------------------------------------*/
  59:Core/Src/freertos.c **** /* USER CODE BEGIN FunctionPrototypes */
  60:Core/Src/freertos.c **** 
  61:Core/Src/freertos.c **** /* USER CODE END FunctionPrototypes */
  62:Core/Src/freertos.c **** 
  63:Core/Src/freertos.c **** void StartDefaultTask(void *argument);
  64:Core/Src/freertos.c **** 
  65:Core/Src/freertos.c **** extern void MX_USB_DEVICE_Init(void);
  66:Core/Src/freertos.c **** void MX_FREERTOS_Init(void); /* (MISRA C 2004 rule 8.1) */
  67:Core/Src/freertos.c **** 
  68:Core/Src/freertos.c **** /**
  69:Core/Src/freertos.c ****   * @brief  FreeRTOS initialization
  70:Core/Src/freertos.c ****   * @param  None
  71:Core/Src/freertos.c ****   * @retval None
  72:Core/Src/freertos.c ****   */
  73:Core/Src/freertos.c **** void MX_FREERTOS_Init(void) {
  74:Core/Src/freertos.c ****   /* USER CODE BEGIN Init */
  75:Core/Src/freertos.c **** 
  76:Core/Src/freertos.c ****   /* USER CODE END Init */
  77:Core/Src/freertos.c **** 
  78:Core/Src/freertos.c ****   /* USER CODE BEGIN RTOS_MUTEX */
  79:Core/Src/freertos.c ****   /* add mutexes, ... */
  80:Core/Src/freertos.c ****   /* USER CODE END RTOS_MUTEX */
  81:Core/Src/freertos.c **** 
  82:Core/Src/freertos.c ****   /* USER CODE BEGIN RTOS_SEMAPHORES */
  83:Core/Src/freertos.c ****   /* add semaphores, ... */
  84:Core/Src/freertos.c ****   /* USER CODE END RTOS_SEMAPHORES */
  85:Core/Src/freertos.c **** 
  86:Core/Src/freertos.c ****   /* USER CODE BEGIN RTOS_TIMERS */
  87:Core/Src/freertos.c ****   /* start timers, add new ones, ... */
  88:Core/Src/freertos.c ****   /* USER CODE END RTOS_TIMERS */
ARM GAS  C:\Users\Administrator\AppData\Local\Temp\ccZqkZpi.s 			page 3


  89:Core/Src/freertos.c **** 
  90:Core/Src/freertos.c ****   /* USER CODE BEGIN RTOS_QUEUES */
  91:Core/Src/freertos.c ****   /* add queues, ... */
  92:Core/Src/freertos.c ****   /* USER CODE END RTOS_QUEUES */
  93:Core/Src/freertos.c **** 
  94:Core/Src/freertos.c ****   /* Create the thread(s) */
  95:Core/Src/freertos.c ****   /* creation of defaultTask */
  96:Core/Src/freertos.c ****   defaultTaskHandle = osThreadNew(StartDefaultTask, NULL, &defaultTask_attributes);
  97:Core/Src/freertos.c **** 
  98:Core/Src/freertos.c ****   /* USER CODE BEGIN RTOS_THREADS */
  99:Core/Src/freertos.c ****   /* add threads, ... */
 100:Core/Src/freertos.c ****   /* USER CODE END RTOS_THREADS */
 101:Core/Src/freertos.c **** 
 102:Core/Src/freertos.c ****   /* USER CODE BEGIN RTOS_EVENTS */
 103:Core/Src/freertos.c ****   /* add events, ... */
 104:Core/Src/freertos.c ****   /* USER CODE END RTOS_EVENTS */
 105:Core/Src/freertos.c **** 
 106:Core/Src/freertos.c **** }
 107:Core/Src/freertos.c **** 
 108:Core/Src/freertos.c **** /* USER CODE BEGIN Header_StartDefaultTask */
 109:Core/Src/freertos.c **** /**
 110:Core/Src/freertos.c ****   * @brief  Function implementing the defaultTask thread.
 111:Core/Src/freertos.c ****   * @param  argument: Not used
 112:Core/Src/freertos.c ****   * @retval None
 113:Core/Src/freertos.c ****   */
 114:Core/Src/freertos.c **** /* USER CODE END Header_StartDefaultTask */
 115:Core/Src/freertos.c **** void StartDefaultTask(void *argument)
 116:Core/Src/freertos.c **** {
  28              		.loc 1 116 1 view -0
  29              		.cfi_startproc
  30              		@ Volatile: function does not return.
  31              		@ args = 0, pretend = 0, frame = 0
  32              		@ frame_needed = 0, uses_anonymous_args = 0
  33              		.loc 1 116 1 is_stmt 0 view .LVU1
  34 0000 08B5     		push	{r3, lr}
  35              	.LCFI0:
  36              		.cfi_def_cfa_offset 8
  37              		.cfi_offset 3, -8
  38              		.cfi_offset 14, -4
 117:Core/Src/freertos.c ****   /* init code for USB_DEVICE */
 118:Core/Src/freertos.c ****   MX_USB_DEVICE_Init();
  39              		.loc 1 118 3 is_stmt 1 view .LVU2
  40 0002 FFF7FEFF 		bl	MX_USB_DEVICE_Init
  41              	.LVL1:
  42              	.L2:
 119:Core/Src/freertos.c ****   /* USER CODE BEGIN StartDefaultTask */
 120:Core/Src/freertos.c ****   /* Infinite loop */
 121:Core/Src/freertos.c ****   for(;;)
  43              		.loc 1 121 3 view .LVU3
 122:Core/Src/freertos.c ****   {
 123:Core/Src/freertos.c ****     osDelay(1);
  44              		.loc 1 123 5 discriminator 1 view .LVU4
  45 0006 0120     		movs	r0, #1
  46 0008 FFF7FEFF 		bl	osDelay
  47              	.LVL2:
 121:Core/Src/freertos.c ****   {
  48              		.loc 1 121 3 view .LVU5
ARM GAS  C:\Users\Administrator\AppData\Local\Temp\ccZqkZpi.s 			page 4


  49 000c FBE7     		b	.L2
  50              		.cfi_endproc
  51              	.LFE80:
  53              		.section	.text.MX_FREERTOS_Init,"ax",%progbits
  54              		.align	1
  55              		.global	MX_FREERTOS_Init
  56              		.syntax unified
  57              		.thumb
  58              		.thumb_func
  60              	MX_FREERTOS_Init:
  61              	.LFB79:
  73:Core/Src/freertos.c ****   /* USER CODE BEGIN Init */
  62              		.loc 1 73 29 view -0
  63              		.cfi_startproc
  64              		@ args = 0, pretend = 0, frame = 0
  65              		@ frame_needed = 0, uses_anonymous_args = 0
  66 0000 08B5     		push	{r3, lr}
  67              	.LCFI1:
  68              		.cfi_def_cfa_offset 8
  69              		.cfi_offset 3, -8
  70              		.cfi_offset 14, -4
  96:Core/Src/freertos.c **** 
  71              		.loc 1 96 3 view .LVU7
  96:Core/Src/freertos.c **** 
  72              		.loc 1 96 23 is_stmt 0 view .LVU8
  73 0002 044A     		ldr	r2, .L6
  74 0004 0021     		movs	r1, #0
  75 0006 0448     		ldr	r0, .L6+4
  76 0008 FFF7FEFF 		bl	osThreadNew
  77              	.LVL3:
  96:Core/Src/freertos.c **** 
  78              		.loc 1 96 21 discriminator 1 view .LVU9
  79 000c 034B     		ldr	r3, .L6+8
  80 000e 1860     		str	r0, [r3]
 106:Core/Src/freertos.c **** 
  81              		.loc 1 106 1 view .LVU10
  82 0010 08BD     		pop	{r3, pc}
  83              	.L7:
  84 0012 00BF     		.align	2
  85              	.L6:
  86 0014 00000000 		.word	defaultTask_attributes
  87 0018 00000000 		.word	StartDefaultTask
  88 001c 00000000 		.word	defaultTaskHandle
  89              		.cfi_endproc
  90              	.LFE79:
  92              		.global	defaultTask_attributes
  93              		.section	.rodata.str1.4,"aMS",%progbits,1
  94              		.align	2
  95              	.LC0:
  96 0000 64656661 		.ascii	"defaultTask\000"
  96      756C7454 
  96      61736B00 
  97              		.section	.rodata.defaultTask_attributes,"a"
  98              		.align	2
 101              	defaultTask_attributes:
 102 0000 00000000 		.word	.LC0
 103 0004 00000000 		.space	16
ARM GAS  C:\Users\Administrator\AppData\Local\Temp\ccZqkZpi.s 			page 5


 103      00000000 
 103      00000000 
 103      00000000 
 104 0014 00020000 		.word	512
 105 0018 18000000 		.word	24
 106 001c 00000000 		.space	8
 106      00000000 
 107              		.global	defaultTaskHandle
 108              		.section	.bss.defaultTaskHandle,"aw",%nobits
 109              		.align	2
 112              	defaultTaskHandle:
 113 0000 00000000 		.space	4
 114              		.text
 115              	.Letext0:
 116              		.file 2 "D:/gcc-arm/14.3 rel1/arm-none-eabi/include/machine/_default_types.h"
 117              		.file 3 "D:/gcc-arm/14.3 rel1/arm-none-eabi/include/sys/_stdint.h"
 118              		.file 4 "Middlewares/Third_Party/FreeRTOS/Source/CMSIS_RTOS_V2/cmsis_os2.h"
ARM GAS  C:\Users\Administrator\AppData\Local\Temp\ccZqkZpi.s 			page 6


DEFINED SYMBOLS
                            *ABS*:00000000 freertos.c
C:\Users\Administrator\AppData\Local\Temp\ccZqkZpi.s:19     .text.StartDefaultTask:00000000 $t
C:\Users\Administrator\AppData\Local\Temp\ccZqkZpi.s:25     .text.StartDefaultTask:00000000 StartDefaultTask
C:\Users\Administrator\AppData\Local\Temp\ccZqkZpi.s:54     .text.MX_FREERTOS_Init:00000000 $t
C:\Users\Administrator\AppData\Local\Temp\ccZqkZpi.s:60     .text.MX_FREERTOS_Init:00000000 MX_FREERTOS_Init
C:\Users\Administrator\AppData\Local\Temp\ccZqkZpi.s:86     .text.MX_FREERTOS_Init:00000014 $d
C:\Users\Administrator\AppData\Local\Temp\ccZqkZpi.s:101    .rodata.defaultTask_attributes:00000000 defaultTask_attributes
C:\Users\Administrator\AppData\Local\Temp\ccZqkZpi.s:112    .bss.defaultTaskHandle:00000000 defaultTaskHandle
C:\Users\Administrator\AppData\Local\Temp\ccZqkZpi.s:94     .rodata.str1.4:00000000 $d
C:\Users\Administrator\AppData\Local\Temp\ccZqkZpi.s:98     .rodata.defaultTask_attributes:00000000 $d
C:\Users\Administrator\AppData\Local\Temp\ccZqkZpi.s:109    .bss.defaultTaskHandle:00000000 $d

UNDEFINED SYMBOLS
MX_USB_DEVICE_Init
osDelay
osThreadNew
