ARM GAS  C:\Users\Administrator\AppData\Local\Temp\ccAthW4e.s 			page 1


   1              		.cpu cortex-m3
   2              		.arch armv7-m
   3              		.fpu softvfp
   4              		.eabi_attribute 20, 1
   5              		.eabi_attribute 21, 1
   6              		.eabi_attribute 23, 3
   7              		.eabi_attribute 24, 1
   8              		.eabi_attribute 25, 1
   9              		.eabi_attribute 26, 1
  10              		.eabi_attribute 30, 1
  11              		.eabi_attribute 34, 1
  12              		.eabi_attribute 18, 4
  13              		.file	"HWCI.c"
  14              		.text
  15              	.Ltext0:
  16              		.cfi_sections	.debug_frame
  17              		.file 1 "User/Source/HWCI.c"
  18              		.section	.text.VDDSwitch,"ax",%progbits
  19              		.align	1
  20              		.global	VDDSwitch
  21              		.syntax unified
  22              		.thumb
  23              		.thumb_func
  25              	VDDSwitch:
  26              	.LVL0:
  27              	.LFB75:
   1:User/Source/HWCI.c **** /*
   2:User/Source/HWCI.c **** 
   3:User/Source/HWCI.c **** 硬件电路配置文件
   4:User/Source/HWCI.c **** 
   5:User/Source/HWCI.c **** */
   6:User/Source/HWCI.c **** #include "HWCI.h"
   7:User/Source/HWCI.c **** 
   8:User/Source/HWCI.c **** 
   9:User/Source/HWCI.c **** /**
  10:User/Source/HWCI.c ****  * @函数名称       控制ESL的VDD开关
  11:User/Source/HWCI.c ****  * @说明           VDDStates:传入需要的VDD状态
  12:User/Source/HWCI.c ****  */
  13:User/Source/HWCI.c **** void VDDSwitch(uint8_t VDDStates)
  14:User/Source/HWCI.c **** {
  28              		.loc 1 14 1 view -0
  29              		.cfi_startproc
  30              		@ args = 0, pretend = 0, frame = 0
  31              		@ frame_needed = 0, uses_anonymous_args = 0
  32              		.loc 1 14 1 is_stmt 0 view .LVU1
  33 0000 10B5     		push	{r4, lr}
  34              	.LCFI0:
  35              		.cfi_def_cfa_offset 8
  36              		.cfi_offset 4, -8
  37              		.cfi_offset 14, -4
  38 0002 0446     		mov	r4, r0
  15:User/Source/HWCI.c ****     //打开VDD
  16:User/Source/HWCI.c ****     if (VDDStates == VDDON) HAL_GPIO_WritePin(VDDSwitchGPIOX, VDDSwitchPINX, GPIO_PIN_RESET);
  39              		.loc 1 16 5 is_stmt 1 view .LVU2
  40              		.loc 1 16 8 is_stmt 0 view .LVU3
  41 0004 0128     		cmp	r0, #1
  42 0006 01D0     		beq	.L5
ARM GAS  C:\Users\Administrator\AppData\Local\Temp\ccAthW4e.s 			page 2


  43              	.LVL1:
  44              	.L2:
  17:User/Source/HWCI.c ****     //关闭VDD
  18:User/Source/HWCI.c ****     if (VDDStates == VDDOFF) HAL_GPIO_WritePin(VDDSwitchGPIOX, VDDSwitchPINX, GPIO_PIN_SET);
  45              		.loc 1 18 5 is_stmt 1 view .LVU4
  46              		.loc 1 18 8 is_stmt 0 view .LVU5
  47 0008 34B1     		cbz	r4, .L6
  48              	.L1:
  19:User/Source/HWCI.c **** }
  49              		.loc 1 19 1 view .LVU6
  50 000a 10BD     		pop	{r4, pc}
  51              	.LVL2:
  52              	.L5:
  16:User/Source/HWCI.c ****     //关闭VDD
  53              		.loc 1 16 29 is_stmt 1 discriminator 1 view .LVU7
  54 000c 0022     		movs	r2, #0
  55 000e 0121     		movs	r1, #1
  56 0010 0448     		ldr	r0, .L7
  57              	.LVL3:
  16:User/Source/HWCI.c ****     //关闭VDD
  58              		.loc 1 16 29 is_stmt 0 discriminator 1 view .LVU8
  59 0012 FFF7FEFF 		bl	HAL_GPIO_WritePin
  60              	.LVL4:
  61 0016 F7E7     		b	.L2
  62              	.L6:
  18:User/Source/HWCI.c **** }
  63              		.loc 1 18 30 is_stmt 1 discriminator 1 view .LVU9
  64 0018 0122     		movs	r2, #1
  65 001a 1146     		mov	r1, r2
  66 001c 0148     		ldr	r0, .L7
  67 001e FFF7FEFF 		bl	HAL_GPIO_WritePin
  68              	.LVL5:
  69              		.loc 1 19 1 is_stmt 0 view .LVU10
  70 0022 F2E7     		b	.L1
  71              	.L8:
  72              		.align	2
  73              	.L7:
  74 0024 00080140 		.word	1073809408
  75              		.cfi_endproc
  76              	.LFE75:
  78              		.section	.text.LVSwitch,"ax",%progbits
  79              		.align	1
  80              		.global	LVSwitch
  81              		.syntax unified
  82              		.thumb
  83              		.thumb_func
  85              	LVSwitch:
  86              	.LVL6:
  87              	.LFB76:
  20:User/Source/HWCI.c **** 
  21:User/Source/HWCI.c **** /**
  22:User/Source/HWCI.c ****  * @函数名称       电平转换芯片的使能
  23:User/Source/HWCI.c ****  * @说明           LVSwitch:传入需要的LV状态
  24:User/Source/HWCI.c ****  */
  25:User/Source/HWCI.c **** void LVSwitch(uint8_t LVSwitch)
  26:User/Source/HWCI.c **** {
  88              		.loc 1 26 1 is_stmt 1 view -0
ARM GAS  C:\Users\Administrator\AppData\Local\Temp\ccAthW4e.s 			page 3


  89              		.cfi_startproc
  90              		@ args = 0, pretend = 0, frame = 0
  91              		@ frame_needed = 0, uses_anonymous_args = 0
  92              		.loc 1 26 1 is_stmt 0 view .LVU12
  93 0000 10B5     		push	{r4, lr}
  94              	.LCFI1:
  95              		.cfi_def_cfa_offset 8
  96              		.cfi_offset 4, -8
  97              		.cfi_offset 14, -4
  98 0002 0446     		mov	r4, r0
  27:User/Source/HWCI.c ****     //打开LV
  28:User/Source/HWCI.c ****     if (LVSwitch == LVON) HAL_GPIO_WritePin(LVSwitchGPIOX, LVSwitchPINX, GPIO_PIN_SET);
  99              		.loc 1 28 5 is_stmt 1 view .LVU13
 100              		.loc 1 28 8 is_stmt 0 view .LVU14
 101 0004 0128     		cmp	r0, #1
 102 0006 01D0     		beq	.L13
 103              	.LVL7:
 104              	.L10:
  29:User/Source/HWCI.c ****     //关闭LV
  30:User/Source/HWCI.c ****     if (LVSwitch == LVOFF) HAL_GPIO_WritePin(LVSwitchGPIOX, LVSwitchPINX, GPIO_PIN_RESET);
 105              		.loc 1 30 5 is_stmt 1 view .LVU15
 106              		.loc 1 30 8 is_stmt 0 view .LVU16
 107 0008 3CB1     		cbz	r4, .L14
 108              	.L9:
  31:User/Source/HWCI.c **** }
 109              		.loc 1 31 1 view .LVU17
 110 000a 10BD     		pop	{r4, pc}
 111              	.LVL8:
 112              	.L13:
  28:User/Source/HWCI.c ****     //关闭LV
 113              		.loc 1 28 27 is_stmt 1 discriminator 1 view .LVU18
 114 000c 0122     		movs	r2, #1
 115 000e 4FF40051 		mov	r1, #8192
 116 0012 0548     		ldr	r0, .L15
 117              	.LVL9:
  28:User/Source/HWCI.c ****     //关闭LV
 118              		.loc 1 28 27 is_stmt 0 discriminator 1 view .LVU19
 119 0014 FFF7FEFF 		bl	HAL_GPIO_WritePin
 120              	.LVL10:
 121 0018 F6E7     		b	.L10
 122              	.L14:
  30:User/Source/HWCI.c **** }
 123              		.loc 1 30 28 is_stmt 1 discriminator 1 view .LVU20
 124 001a 0022     		movs	r2, #0
 125 001c 4FF40051 		mov	r1, #8192
 126 0020 0148     		ldr	r0, .L15
 127 0022 FFF7FEFF 		bl	HAL_GPIO_WritePin
 128              	.LVL11:
 129              		.loc 1 31 1 is_stmt 0 view .LVU21
 130 0026 F0E7     		b	.L9
 131              	.L16:
 132              		.align	2
 133              	.L15:
 134 0028 00100140 		.word	1073811456
 135              		.cfi_endproc
 136              	.LFE76:
 138              		.section	.text.SelectInductor,"ax",%progbits
ARM GAS  C:\Users\Administrator\AppData\Local\Temp\ccAthW4e.s 			page 4


 139              		.align	1
 140              		.global	SelectInductor
 141              		.syntax unified
 142              		.thumb
 143              		.thumb_func
 145              	SelectInductor:
 146              	.LVL12:
 147              	.LFB77:
  32:User/Source/HWCI.c **** 
  33:User/Source/HWCI.c **** /**
  34:User/Source/HWCI.c ****  * @函数名称       选择电感
  35:User/Source/HWCI.c ****  * @说明           InductorParameter:电感参数
  36:User/Source/HWCI.c ****  */
  37:User/Source/HWCI.c **** void SelectInductor(uint8_t InductorParameter)
  38:User/Source/HWCI.c **** {
 148              		.loc 1 38 1 is_stmt 1 view -0
 149              		.cfi_startproc
 150              		@ args = 0, pretend = 0, frame = 0
 151              		@ frame_needed = 0, uses_anonymous_args = 0
 152              		.loc 1 38 1 is_stmt 0 view .LVU23
 153 0000 38B5     		push	{r3, r4, r5, lr}
 154              	.LCFI2:
 155              		.cfi_def_cfa_offset 16
 156              		.cfi_offset 3, -16
 157              		.cfi_offset 4, -12
 158              		.cfi_offset 5, -8
 159              		.cfi_offset 14, -4
 160 0002 0446     		mov	r4, r0
  39:User/Source/HWCI.c ****     if (InductorParameter == P47uH)
 161              		.loc 1 39 5 is_stmt 1 view .LVU24
 162              		.loc 1 39 8 is_stmt 0 view .LVU25
 163 0004 0128     		cmp	r0, #1
 164 0006 01D0     		beq	.L21
 165              	.LVL13:
 166              	.L18:
  40:User/Source/HWCI.c ****     {
  41:User/Source/HWCI.c ****         HAL_GPIO_WritePin(SelectInductorIN1GPIOX, SelectInductorIN1PINX, GPIO_PIN_RESET);
  42:User/Source/HWCI.c ****         HAL_GPIO_WritePin(SelectInductorIN2GPIOX, SelectInductorIN2PINX, GPIO_PIN_SET);
  43:User/Source/HWCI.c ****     }
  44:User/Source/HWCI.c ****     if (InductorParameter == P10uH)
 167              		.loc 1 44 5 is_stmt 1 view .LVU26
 168              		.loc 1 44 8 is_stmt 0 view .LVU27
 169 0008 64B1     		cbz	r4, .L22
 170              	.LVL14:
 171              	.L17:
  45:User/Source/HWCI.c ****     {
  46:User/Source/HWCI.c ****         HAL_GPIO_WritePin(SelectInductorIN1GPIOX, SelectInductorIN1PINX, GPIO_PIN_SET);
  47:User/Source/HWCI.c ****         HAL_GPIO_WritePin(SelectInductorIN2GPIOX, SelectInductorIN2PINX, GPIO_PIN_RESET);
  48:User/Source/HWCI.c ****     }
  49:User/Source/HWCI.c **** }
 172              		.loc 1 49 1 view .LVU28
 173 000a 38BD     		pop	{r3, r4, r5, pc}
 174              	.LVL15:
 175              	.L21:
  41:User/Source/HWCI.c ****         HAL_GPIO_WritePin(SelectInductorIN2GPIOX, SelectInductorIN2PINX, GPIO_PIN_SET);
 176              		.loc 1 41 9 is_stmt 1 view .LVU29
 177 000c 0D4D     		ldr	r5, .L23
ARM GAS  C:\Users\Administrator\AppData\Local\Temp\ccAthW4e.s 			page 5


 178 000e 0022     		movs	r2, #0
 179 0010 0121     		movs	r1, #1
 180 0012 2846     		mov	r0, r5
 181              	.LVL16:
  41:User/Source/HWCI.c ****         HAL_GPIO_WritePin(SelectInductorIN2GPIOX, SelectInductorIN2PINX, GPIO_PIN_SET);
 182              		.loc 1 41 9 is_stmt 0 view .LVU30
 183 0014 FFF7FEFF 		bl	HAL_GPIO_WritePin
 184              	.LVL17:
  42:User/Source/HWCI.c ****     }
 185              		.loc 1 42 9 is_stmt 1 view .LVU31
 186 0018 0122     		movs	r2, #1
 187 001a 0221     		movs	r1, #2
 188 001c 2846     		mov	r0, r5
 189 001e FFF7FEFF 		bl	HAL_GPIO_WritePin
 190              	.LVL18:
 191 0022 F1E7     		b	.L18
 192              	.L22:
  46:User/Source/HWCI.c ****         HAL_GPIO_WritePin(SelectInductorIN2GPIOX, SelectInductorIN2PINX, GPIO_PIN_RESET);
 193              		.loc 1 46 9 view .LVU32
 194 0024 04F18044 		add	r4, r4, #1073741824
 195              	.LVL19:
  46:User/Source/HWCI.c ****         HAL_GPIO_WritePin(SelectInductorIN2GPIOX, SelectInductorIN2PINX, GPIO_PIN_RESET);
 196              		.loc 1 46 9 is_stmt 0 view .LVU33
 197 0028 04F58834 		add	r4, r4, #69632
 198              	.LVL20:
  46:User/Source/HWCI.c ****         HAL_GPIO_WritePin(SelectInductorIN2GPIOX, SelectInductorIN2PINX, GPIO_PIN_RESET);
 199              		.loc 1 46 9 view .LVU34
 200 002c 0122     		movs	r2, #1
 201 002e 1146     		mov	r1, r2
 202 0030 2046     		mov	r0, r4
 203 0032 FFF7FEFF 		bl	HAL_GPIO_WritePin
 204              	.LVL21:
  47:User/Source/HWCI.c ****     }
 205              		.loc 1 47 9 is_stmt 1 view .LVU35
 206 0036 0022     		movs	r2, #0
 207 0038 0221     		movs	r1, #2
 208 003a 2046     		mov	r0, r4
 209 003c FFF7FEFF 		bl	HAL_GPIO_WritePin
 210              	.LVL22:
 211              		.loc 1 49 1 is_stmt 0 view .LVU36
 212 0040 E3E7     		b	.L17
 213              	.L24:
 214 0042 00BF     		.align	2
 215              	.L23:
 216 0044 00100140 		.word	1073811456
 217              		.cfi_endproc
 218              	.LFE77:
 220              		.section	.text.SelectResistance,"ax",%progbits
 221              		.align	1
 222              		.global	SelectResistance
 223              		.syntax unified
 224              		.thumb
 225              		.thumb_func
 227              	SelectResistance:
 228              	.LVL23:
 229              	.LFB78:
  50:User/Source/HWCI.c **** 
ARM GAS  C:\Users\Administrator\AppData\Local\Temp\ccAthW4e.s 			page 6


  51:User/Source/HWCI.c **** /**
  52:User/Source/HWCI.c ****  * @函数名称       选择电阻
  53:User/Source/HWCI.c ****  * @说明           ResistanceParameter:电阻参数
  54:User/Source/HWCI.c ****  */
  55:User/Source/HWCI.c **** void SelectResistance(uint8_t ResistanceParameter)
  56:User/Source/HWCI.c **** {
 230              		.loc 1 56 1 is_stmt 1 view -0
 231              		.cfi_startproc
 232              		@ args = 0, pretend = 0, frame = 0
 233              		@ frame_needed = 0, uses_anonymous_args = 0
 234              		.loc 1 56 1 is_stmt 0 view .LVU38
 235 0000 38B5     		push	{r3, r4, r5, lr}
 236              	.LCFI3:
 237              		.cfi_def_cfa_offset 16
 238              		.cfi_offset 3, -16
 239              		.cfi_offset 4, -12
 240              		.cfi_offset 5, -8
 241              		.cfi_offset 14, -4
 242 0002 0446     		mov	r4, r0
  57:User/Source/HWCI.c ****     if (ResistanceParameter == P2p2ohm)
 243              		.loc 1 57 5 is_stmt 1 view .LVU39
 244              		.loc 1 57 8 is_stmt 0 view .LVU40
 245 0004 0128     		cmp	r0, #1
 246 0006 03D0     		beq	.L30
 247              	.LVL24:
 248              	.L26:
  58:User/Source/HWCI.c ****     {
  59:User/Source/HWCI.c ****         HAL_GPIO_WritePin(SelectResistanceIN1GPIOX, SelectResistanceIN1PINX, GPIO_PIN_SET);
  60:User/Source/HWCI.c ****         HAL_GPIO_WritePin(SelectResistanceIN2GPIOX, SelectResistanceIN2PINX, GPIO_PIN_SET);
  61:User/Source/HWCI.c ****     }
  62:User/Source/HWCI.c ****     if (ResistanceParameter == P0p47ohm)
 249              		.loc 1 62 5 is_stmt 1 view .LVU41
 250              		.loc 1 62 8 is_stmt 0 view .LVU42
 251 0008 022C     		cmp	r4, #2
 252 000a 0FD0     		beq	.L31
 253              	.L27:
  63:User/Source/HWCI.c ****     {
  64:User/Source/HWCI.c ****         HAL_GPIO_WritePin(SelectResistanceIN1GPIOX, SelectResistanceIN1PINX, GPIO_PIN_SET);
  65:User/Source/HWCI.c ****         HAL_GPIO_WritePin(SelectResistanceIN2GPIOX, SelectResistanceIN2PINX, GPIO_PIN_RESET);
  66:User/Source/HWCI.c ****     }
  67:User/Source/HWCI.c ****     if (ResistanceParameter == P0ohm)
 254              		.loc 1 67 5 is_stmt 1 view .LVU43
 255              		.loc 1 67 8 is_stmt 0 view .LVU44
 256 000c E4B1     		cbz	r4, .L32
 257              	.LVL25:
 258              	.L25:
  68:User/Source/HWCI.c ****     {
  69:User/Source/HWCI.c ****         HAL_GPIO_WritePin(SelectResistanceIN1GPIOX, SelectResistanceIN1PINX, GPIO_PIN_RESET);
  70:User/Source/HWCI.c ****         HAL_GPIO_WritePin(SelectResistanceIN2GPIOX, SelectResistanceIN2PINX, GPIO_PIN_SET);
  71:User/Source/HWCI.c ****     }
  72:User/Source/HWCI.c **** }
 259              		.loc 1 72 1 view .LVU45
 260 000e 38BD     		pop	{r3, r4, r5, pc}
 261              	.LVL26:
 262              	.L30:
  59:User/Source/HWCI.c ****         HAL_GPIO_WritePin(SelectResistanceIN2GPIOX, SelectResistanceIN2PINX, GPIO_PIN_SET);
 263              		.loc 1 59 9 is_stmt 1 view .LVU46
ARM GAS  C:\Users\Administrator\AppData\Local\Temp\ccAthW4e.s 			page 7


 264 0010 144D     		ldr	r5, .L33
 265 0012 0122     		movs	r2, #1
 266 0014 4FF40071 		mov	r1, #512
 267 0018 2846     		mov	r0, r5
 268              	.LVL27:
  59:User/Source/HWCI.c ****         HAL_GPIO_WritePin(SelectResistanceIN2GPIOX, SelectResistanceIN2PINX, GPIO_PIN_SET);
 269              		.loc 1 59 9 is_stmt 0 view .LVU47
 270 001a FFF7FEFF 		bl	HAL_GPIO_WritePin
 271              	.LVL28:
  60:User/Source/HWCI.c ****     }
 272              		.loc 1 60 9 is_stmt 1 view .LVU48
 273 001e 0122     		movs	r2, #1
 274 0020 4FF48071 		mov	r1, #256
 275 0024 2846     		mov	r0, r5
 276 0026 FFF7FEFF 		bl	HAL_GPIO_WritePin
 277              	.LVL29:
 278 002a EDE7     		b	.L26
 279              	.L31:
  64:User/Source/HWCI.c ****         HAL_GPIO_WritePin(SelectResistanceIN2GPIOX, SelectResistanceIN2PINX, GPIO_PIN_RESET);
 280              		.loc 1 64 9 view .LVU49
 281 002c 0D4D     		ldr	r5, .L33
 282 002e 0122     		movs	r2, #1
 283 0030 4FF40071 		mov	r1, #512
 284 0034 2846     		mov	r0, r5
 285 0036 FFF7FEFF 		bl	HAL_GPIO_WritePin
 286              	.LVL30:
  65:User/Source/HWCI.c ****     }
 287              		.loc 1 65 9 view .LVU50
 288 003a 0022     		movs	r2, #0
 289 003c 4FF48071 		mov	r1, #256
 290 0040 2846     		mov	r0, r5
 291 0042 FFF7FEFF 		bl	HAL_GPIO_WritePin
 292              	.LVL31:
 293 0046 E1E7     		b	.L27
 294              	.L32:
  69:User/Source/HWCI.c ****         HAL_GPIO_WritePin(SelectResistanceIN2GPIOX, SelectResistanceIN2PINX, GPIO_PIN_SET);
 295              		.loc 1 69 9 view .LVU51
 296 0048 064C     		ldr	r4, .L33
 297              	.LVL32:
  69:User/Source/HWCI.c ****         HAL_GPIO_WritePin(SelectResistanceIN2GPIOX, SelectResistanceIN2PINX, GPIO_PIN_SET);
 298              		.loc 1 69 9 is_stmt 0 view .LVU52
 299 004a 0022     		movs	r2, #0
 300 004c 4FF40071 		mov	r1, #512
 301 0050 2046     		mov	r0, r4
 302 0052 FFF7FEFF 		bl	HAL_GPIO_WritePin
 303              	.LVL33:
  70:User/Source/HWCI.c ****     }
 304              		.loc 1 70 9 is_stmt 1 view .LVU53
 305 0056 0122     		movs	r2, #1
 306 0058 4FF48071 		mov	r1, #256
 307 005c 2046     		mov	r0, r4
 308 005e FFF7FEFF 		bl	HAL_GPIO_WritePin
 309              	.LVL34:
 310              		.loc 1 72 1 is_stmt 0 view .LVU54
 311 0062 D4E7     		b	.L25
 312              	.L34:
 313              		.align	2
ARM GAS  C:\Users\Administrator\AppData\Local\Temp\ccAthW4e.s 			page 8


 314              	.L33:
 315 0064 000C0140 		.word	1073810432
 316              		.cfi_endproc
 317              	.LFE78:
 319              		.section	.text.SelectESLSPI,"ax",%progbits
 320              		.align	1
 321              		.global	SelectESLSPI
 322              		.syntax unified
 323              		.thumb
 324              		.thumb_func
 326              	SelectESLSPI:
 327              	.LVL35:
 328              	.LFB79:
  73:User/Source/HWCI.c **** 
  74:User/Source/HWCI.c **** /**
  75:User/Source/HWCI.c ****  * @函数名称       控制U4的模拟开关芯片，选择SPI
  76:User/Source/HWCI.c ****  * @说明           ResistanceParameter:电阻参数
  77:User/Source/HWCI.c ****  */
  78:User/Source/HWCI.c **** void SelectESLSPI(uint8_t SPIXLine)
  79:User/Source/HWCI.c **** {
 329              		.loc 1 79 1 is_stmt 1 view -0
 330              		.cfi_startproc
 331              		@ args = 0, pretend = 0, frame = 0
 332              		@ frame_needed = 0, uses_anonymous_args = 0
 333              		.loc 1 79 1 is_stmt 0 view .LVU56
 334 0000 10B5     		push	{r4, lr}
 335              	.LCFI4:
 336              		.cfi_def_cfa_offset 8
 337              		.cfi_offset 4, -8
 338              		.cfi_offset 14, -4
 339 0002 0446     		mov	r4, r0
  80:User/Source/HWCI.c ****     if (SPIXLine == ESL4SPI)
 340              		.loc 1 80 5 is_stmt 1 view .LVU57
 341              		.loc 1 80 8 is_stmt 0 view .LVU58
 342 0004 0128     		cmp	r0, #1
 343 0006 01D0     		beq	.L39
 344              	.LVL36:
 345              	.L36:
  81:User/Source/HWCI.c ****     {
  82:User/Source/HWCI.c ****         HAL_GPIO_WritePin(SelectESLSPIIN1GPIOX, SelectESLSPIIN1PINX, GPIO_PIN_RESET);
  83:User/Source/HWCI.c ****         HAL_GPIO_WritePin(SelectESLSPIIN2GPIOX, SelectESLSPIIN2PINX, GPIO_PIN_SET);
  84:User/Source/HWCI.c ****     }
  85:User/Source/HWCI.c ****     if (SPIXLine == ESL3SPI)
 346              		.loc 1 85 5 is_stmt 1 view .LVU59
 347              		.loc 1 85 8 is_stmt 0 view .LVU60
 348 0008 64B1     		cbz	r4, .L40
 349              	.L35:
  86:User/Source/HWCI.c ****     {
  87:User/Source/HWCI.c ****         HAL_GPIO_WritePin(SelectESLSPIIN1GPIOX, SelectESLSPIIN1PINX, GPIO_PIN_SET);
  88:User/Source/HWCI.c ****         HAL_GPIO_WritePin(SelectESLSPIIN2GPIOX, SelectESLSPIIN2PINX, GPIO_PIN_RESET);
  89:User/Source/HWCI.c ****     }
  90:User/Source/HWCI.c **** }
 350              		.loc 1 90 1 view .LVU61
 351 000a 10BD     		pop	{r4, pc}
 352              	.LVL37:
 353              	.L39:
  82:User/Source/HWCI.c ****         HAL_GPIO_WritePin(SelectESLSPIIN2GPIOX, SelectESLSPIIN2PINX, GPIO_PIN_SET);
ARM GAS  C:\Users\Administrator\AppData\Local\Temp\ccAthW4e.s 			page 9


 354              		.loc 1 82 9 is_stmt 1 view .LVU62
 355 000c 0022     		movs	r2, #0
 356 000e 4021     		movs	r1, #64
 357 0010 0A48     		ldr	r0, .L41
 358              	.LVL38:
  82:User/Source/HWCI.c ****         HAL_GPIO_WritePin(SelectESLSPIIN2GPIOX, SelectESLSPIIN2PINX, GPIO_PIN_SET);
 359              		.loc 1 82 9 is_stmt 0 view .LVU63
 360 0012 FFF7FEFF 		bl	HAL_GPIO_WritePin
 361              	.LVL39:
  83:User/Source/HWCI.c ****     }
 362              		.loc 1 83 9 is_stmt 1 view .LVU64
 363 0016 0122     		movs	r2, #1
 364 0018 4FF40041 		mov	r1, #32768
 365 001c 0848     		ldr	r0, .L41+4
 366 001e FFF7FEFF 		bl	HAL_GPIO_WritePin
 367              	.LVL40:
 368 0022 F1E7     		b	.L36
 369              	.L40:
  87:User/Source/HWCI.c ****         HAL_GPIO_WritePin(SelectESLSPIIN2GPIOX, SelectESLSPIIN2PINX, GPIO_PIN_RESET);
 370              		.loc 1 87 9 view .LVU65
 371 0024 0122     		movs	r2, #1
 372 0026 4021     		movs	r1, #64
 373 0028 0448     		ldr	r0, .L41
 374 002a FFF7FEFF 		bl	HAL_GPIO_WritePin
 375              	.LVL41:
  88:User/Source/HWCI.c ****     }
 376              		.loc 1 88 9 view .LVU66
 377 002e 0022     		movs	r2, #0
 378 0030 4FF40041 		mov	r1, #32768
 379 0034 0248     		ldr	r0, .L41+4
 380 0036 FFF7FEFF 		bl	HAL_GPIO_WritePin
 381              	.LVL42:
 382              		.loc 1 90 1 is_stmt 0 view .LVU67
 383 003a E6E7     		b	.L35
 384              	.L42:
 385              		.align	2
 386              	.L41:
 387 003c 00100140 		.word	1073811456
 388 0040 000C0140 		.word	1073810432
 389              		.cfi_endproc
 390              	.LFE79:
 392              		.section	.text.VDDOrAAVSPL2,"ax",%progbits
 393              		.align	1
 394              		.global	VDDOrAAVSPL2
 395              		.syntax unified
 396              		.thumb
 397              		.thumb_func
 399              	VDDOrAAVSPL2:
 400              	.LVL43:
 401              	.LFB80:
  91:User/Source/HWCI.c **** 
  92:User/Source/HWCI.c **** /**
  93:User/Source/HWCI.c ****  * @函数名称       控制U7的模拟开关芯片，选择VSPL2还是VDD
  94:User/Source/HWCI.c ****  * @说明           SelectU4HW:选择电路
  95:User/Source/HWCI.c ****  */
  96:User/Source/HWCI.c **** void VDDOrAAVSPL2(uint8_t SelectU4HW)
  97:User/Source/HWCI.c **** {
ARM GAS  C:\Users\Administrator\AppData\Local\Temp\ccAthW4e.s 			page 10


 402              		.loc 1 97 1 is_stmt 1 view -0
 403              		.cfi_startproc
 404              		@ args = 0, pretend = 0, frame = 0
 405              		@ frame_needed = 0, uses_anonymous_args = 0
 406              		.loc 1 97 1 is_stmt 0 view .LVU69
 407 0000 38B5     		push	{r3, r4, r5, lr}
 408              	.LCFI5:
 409              		.cfi_def_cfa_offset 16
 410              		.cfi_offset 3, -16
 411              		.cfi_offset 4, -12
 412              		.cfi_offset 5, -8
 413              		.cfi_offset 14, -4
 414 0002 0446     		mov	r4, r0
  98:User/Source/HWCI.c ****     if (SelectU4HW == VDD)
 415              		.loc 1 98 5 is_stmt 1 view .LVU70
 416              		.loc 1 98 8 is_stmt 0 view .LVU71
 417 0004 0128     		cmp	r0, #1
 418 0006 01D0     		beq	.L47
 419              	.LVL44:
 420              	.L44:
  99:User/Source/HWCI.c ****     {
 100:User/Source/HWCI.c ****         HAL_GPIO_WritePin(VDDOrAAVSPL2IN1GPIOX, VDDOrAAVSPL2IN1PINX, GPIO_PIN_RESET);
 101:User/Source/HWCI.c ****         HAL_GPIO_WritePin(VDDOrAAVSPL2IN2GPIOX, VDDOrAAVSPL2IN2PINX, GPIO_PIN_SET);
 102:User/Source/HWCI.c ****     }   
 103:User/Source/HWCI.c ****     if (SelectU4HW == AAVSPL2)
 421              		.loc 1 103 5 is_stmt 1 view .LVU72
 422              		.loc 1 103 8 is_stmt 0 view .LVU73
 423 0008 74B1     		cbz	r4, .L48
 424              	.LVL45:
 425              	.L43:
 104:User/Source/HWCI.c ****     {
 105:User/Source/HWCI.c ****         HAL_GPIO_WritePin(VDDOrAAVSPL2IN1GPIOX, VDDOrAAVSPL2IN1PINX, GPIO_PIN_SET);
 106:User/Source/HWCI.c ****         HAL_GPIO_WritePin(VDDOrAAVSPL2IN2GPIOX, VDDOrAAVSPL2IN2PINX, GPIO_PIN_RESET);
 107:User/Source/HWCI.c ****     }
 108:User/Source/HWCI.c **** }
 426              		.loc 1 108 1 view .LVU74
 427 000a 38BD     		pop	{r3, r4, r5, pc}
 428              	.LVL46:
 429              	.L47:
 100:User/Source/HWCI.c ****         HAL_GPIO_WritePin(VDDOrAAVSPL2IN2GPIOX, VDDOrAAVSPL2IN2PINX, GPIO_PIN_SET);
 430              		.loc 1 100 9 is_stmt 1 view .LVU75
 431 000c 0F4D     		ldr	r5, .L49
 432 000e 0022     		movs	r2, #0
 433 0010 4FF40041 		mov	r1, #32768
 434 0014 2846     		mov	r0, r5
 435              	.LVL47:
 100:User/Source/HWCI.c ****         HAL_GPIO_WritePin(VDDOrAAVSPL2IN2GPIOX, VDDOrAAVSPL2IN2PINX, GPIO_PIN_SET);
 436              		.loc 1 100 9 is_stmt 0 view .LVU76
 437 0016 FFF7FEFF 		bl	HAL_GPIO_WritePin
 438              	.LVL48:
 101:User/Source/HWCI.c ****     }   
 439              		.loc 1 101 9 is_stmt 1 view .LVU77
 440 001a 0122     		movs	r2, #1
 441 001c 4FF48041 		mov	r1, #16384
 442 0020 2846     		mov	r0, r5
 443 0022 FFF7FEFF 		bl	HAL_GPIO_WritePin
 444              	.LVL49:
ARM GAS  C:\Users\Administrator\AppData\Local\Temp\ccAthW4e.s 			page 11


 445 0026 EFE7     		b	.L44
 446              	.L48:
 105:User/Source/HWCI.c ****         HAL_GPIO_WritePin(VDDOrAAVSPL2IN2GPIOX, VDDOrAAVSPL2IN2PINX, GPIO_PIN_RESET);
 447              		.loc 1 105 9 view .LVU78
 448 0028 04F18044 		add	r4, r4, #1073741824
 449              	.LVL50:
 105:User/Source/HWCI.c ****         HAL_GPIO_WritePin(VDDOrAAVSPL2IN2GPIOX, VDDOrAAVSPL2IN2PINX, GPIO_PIN_RESET);
 450              		.loc 1 105 9 is_stmt 0 view .LVU79
 451 002c 04F58434 		add	r4, r4, #67584
 452              	.LVL51:
 105:User/Source/HWCI.c ****         HAL_GPIO_WritePin(VDDOrAAVSPL2IN2GPIOX, VDDOrAAVSPL2IN2PINX, GPIO_PIN_RESET);
 453              		.loc 1 105 9 view .LVU80
 454 0030 0122     		movs	r2, #1
 455 0032 4FF40041 		mov	r1, #32768
 456 0036 2046     		mov	r0, r4
 457 0038 FFF7FEFF 		bl	HAL_GPIO_WritePin
 458              	.LVL52:
 106:User/Source/HWCI.c ****     }
 459              		.loc 1 106 9 is_stmt 1 view .LVU81
 460 003c 0022     		movs	r2, #0
 461 003e 4FF48041 		mov	r1, #16384
 462 0042 2046     		mov	r0, r4
 463 0044 FFF7FEFF 		bl	HAL_GPIO_WritePin
 464              	.LVL53:
 465              		.loc 1 108 1 is_stmt 0 view .LVU82
 466 0048 DFE7     		b	.L43
 467              	.L50:
 468 004a 00BF     		.align	2
 469              	.L49:
 470 004c 00080140 		.word	1073809408
 471              		.cfi_endproc
 472              	.LFE80:
 474              		.section	.text.VDDLOrHiz,"ax",%progbits
 475              		.align	1
 476              		.global	VDDLOrHiz
 477              		.syntax unified
 478              		.thumb
 479              		.thumb_func
 481              	VDDLOrHiz:
 482              	.LVL54:
 483              	.LFB81:
 109:User/Source/HWCI.c **** 
 110:User/Source/HWCI.c **** 
 111:User/Source/HWCI.c **** /**
 112:User/Source/HWCI.c ****  * @函数名称       控制U2的模拟开关芯片，选择VDDL还是NULL
 113:User/Source/HWCI.c ****  * @说明           SelectU2HW:选择电路
 114:User/Source/HWCI.c ****  */
 115:User/Source/HWCI.c **** void VDDLOrHiz(uint8_t SelectU2HW)
 116:User/Source/HWCI.c **** {
 484              		.loc 1 116 1 is_stmt 1 view -0
 485              		.cfi_startproc
 486              		@ args = 0, pretend = 0, frame = 0
 487              		@ frame_needed = 0, uses_anonymous_args = 0
 488              		.loc 1 116 1 is_stmt 0 view .LVU84
 489 0000 38B5     		push	{r3, r4, r5, lr}
 490              	.LCFI6:
 491              		.cfi_def_cfa_offset 16
ARM GAS  C:\Users\Administrator\AppData\Local\Temp\ccAthW4e.s 			page 12


 492              		.cfi_offset 3, -16
 493              		.cfi_offset 4, -12
 494              		.cfi_offset 5, -8
 495              		.cfi_offset 14, -4
 496 0002 0446     		mov	r4, r0
 117:User/Source/HWCI.c ****     if (SelectU2HW == VDDL)
 497              		.loc 1 117 5 is_stmt 1 view .LVU85
 498              		.loc 1 117 8 is_stmt 0 view .LVU86
 499 0004 0128     		cmp	r0, #1
 500 0006 01D0     		beq	.L55
 501              	.LVL55:
 502              	.L52:
 118:User/Source/HWCI.c ****     {
 119:User/Source/HWCI.c ****         HAL_GPIO_WritePin(VDDLOrHizIN1GPIOX, VDDLOrHizIN1PINX, GPIO_PIN_RESET);
 120:User/Source/HWCI.c ****         HAL_GPIO_WritePin(VDDLOrHizIN2GPIOX, VDDLOrHizIN2PINX, GPIO_PIN_SET);
 121:User/Source/HWCI.c ****     }   
 122:User/Source/HWCI.c ****     if (SelectU2HW == Hiz)
 503              		.loc 1 122 5 is_stmt 1 view .LVU87
 504              		.loc 1 122 8 is_stmt 0 view .LVU88
 505 0008 74B1     		cbz	r4, .L56
 506              	.LVL56:
 507              	.L51:
 123:User/Source/HWCI.c ****     {
 124:User/Source/HWCI.c ****         HAL_GPIO_WritePin(VDDLOrHizIN1GPIOX, VDDLOrHizIN1PINX, GPIO_PIN_SET);
 125:User/Source/HWCI.c ****         HAL_GPIO_WritePin(VDDLOrHizIN2GPIOX, VDDLOrHizIN2PINX, GPIO_PIN_RESET);
 126:User/Source/HWCI.c ****     }
 127:User/Source/HWCI.c **** }
 508              		.loc 1 127 1 view .LVU89
 509 000a 38BD     		pop	{r3, r4, r5, pc}
 510              	.LVL57:
 511              	.L55:
 119:User/Source/HWCI.c ****         HAL_GPIO_WritePin(VDDLOrHizIN2GPIOX, VDDLOrHizIN2PINX, GPIO_PIN_SET);
 512              		.loc 1 119 9 is_stmt 1 view .LVU90
 513 000c 0D4D     		ldr	r5, .L57
 514 000e 0022     		movs	r2, #0
 515 0010 4FF48061 		mov	r1, #1024
 516 0014 2846     		mov	r0, r5
 517              	.LVL58:
 119:User/Source/HWCI.c ****         HAL_GPIO_WritePin(VDDLOrHizIN2GPIOX, VDDLOrHizIN2PINX, GPIO_PIN_SET);
 518              		.loc 1 119 9 is_stmt 0 view .LVU91
 519 0016 FFF7FEFF 		bl	HAL_GPIO_WritePin
 520              	.LVL59:
 120:User/Source/HWCI.c ****     }   
 521              		.loc 1 120 9 is_stmt 1 view .LVU92
 522 001a 0122     		movs	r2, #1
 523 001c 4FF40061 		mov	r1, #2048
 524 0020 2846     		mov	r0, r5
 525 0022 FFF7FEFF 		bl	HAL_GPIO_WritePin
 526              	.LVL60:
 527 0026 EFE7     		b	.L52
 528              	.L56:
 124:User/Source/HWCI.c ****         HAL_GPIO_WritePin(VDDLOrHizIN2GPIOX, VDDLOrHizIN2PINX, GPIO_PIN_RESET);
 529              		.loc 1 124 9 view .LVU93
 530 0028 064C     		ldr	r4, .L57
 531              	.LVL61:
 124:User/Source/HWCI.c ****         HAL_GPIO_WritePin(VDDLOrHizIN2GPIOX, VDDLOrHizIN2PINX, GPIO_PIN_RESET);
 532              		.loc 1 124 9 is_stmt 0 view .LVU94
ARM GAS  C:\Users\Administrator\AppData\Local\Temp\ccAthW4e.s 			page 13


 533 002a 0122     		movs	r2, #1
 534 002c 4FF48061 		mov	r1, #1024
 535 0030 2046     		mov	r0, r4
 536 0032 FFF7FEFF 		bl	HAL_GPIO_WritePin
 537              	.LVL62:
 125:User/Source/HWCI.c ****     }
 538              		.loc 1 125 9 is_stmt 1 view .LVU95
 539 0036 0022     		movs	r2, #0
 540 0038 4FF40061 		mov	r1, #2048
 541 003c 2046     		mov	r0, r4
 542 003e FFF7FEFF 		bl	HAL_GPIO_WritePin
 543              	.LVL63:
 544              		.loc 1 127 1 is_stmt 0 view .LVU96
 545 0042 E2E7     		b	.L51
 546              	.L58:
 547              		.align	2
 548              	.L57:
 549 0044 000C0140 		.word	1073810432
 550              		.cfi_endproc
 551              	.LFE81:
 553              		.section	.text.TSCLOrVSPL2,"ax",%progbits
 554              		.align	1
 555              		.global	TSCLOrVSPL2
 556              		.syntax unified
 557              		.thumb
 558              		.thumb_func
 560              	TSCLOrVSPL2:
 561              	.LVL64:
 562              	.LFB82:
 128:User/Source/HWCI.c **** 
 129:User/Source/HWCI.c **** /**
 130:User/Source/HWCI.c ****  * @函数名称       控制U3的模拟开关芯片，选择TSCL还是VSPL2
 131:User/Source/HWCI.c ****  * @说明           SelectU3HW:选择电路
 132:User/Source/HWCI.c ****  */
 133:User/Source/HWCI.c **** void TSCLOrVSPL2(uint8_t SelectU3HW)
 134:User/Source/HWCI.c **** {
 563              		.loc 1 134 1 is_stmt 1 view -0
 564              		.cfi_startproc
 565              		@ args = 0, pretend = 0, frame = 0
 566              		@ frame_needed = 0, uses_anonymous_args = 0
 567              		.loc 1 134 1 is_stmt 0 view .LVU98
 568 0000 38B5     		push	{r3, r4, r5, lr}
 569              	.LCFI7:
 570              		.cfi_def_cfa_offset 16
 571              		.cfi_offset 3, -16
 572              		.cfi_offset 4, -12
 573              		.cfi_offset 5, -8
 574              		.cfi_offset 14, -4
 575 0002 0446     		mov	r4, r0
 135:User/Source/HWCI.c ****     if (SelectU3HW == VAVSPL2)
 576              		.loc 1 135 5 is_stmt 1 view .LVU99
 577              		.loc 1 135 8 is_stmt 0 view .LVU100
 578 0004 0128     		cmp	r0, #1
 579 0006 01D0     		beq	.L63
 580              	.LVL65:
 581              	.L60:
 136:User/Source/HWCI.c ****     {
ARM GAS  C:\Users\Administrator\AppData\Local\Temp\ccAthW4e.s 			page 14


 137:User/Source/HWCI.c ****         HAL_GPIO_WritePin(TSCLOrVSPL2IN1GPIOX, TSCLOrVSPL2IN1PINX, GPIO_PIN_RESET);
 138:User/Source/HWCI.c ****         HAL_GPIO_WritePin(TSCLOrVSPL2IN2GPIOX, TSCLOrVSPL2IN2PINX, GPIO_PIN_SET);
 139:User/Source/HWCI.c ****     }   
 140:User/Source/HWCI.c ****     if (SelectU3HW == TSCL)
 582              		.loc 1 140 5 is_stmt 1 view .LVU101
 583              		.loc 1 140 8 is_stmt 0 view .LVU102
 584 0008 74B1     		cbz	r4, .L64
 585              	.LVL66:
 586              	.L59:
 141:User/Source/HWCI.c ****     {
 142:User/Source/HWCI.c ****         HAL_GPIO_WritePin(TSCLOrVSPL2IN1GPIOX, TSCLOrVSPL2IN1PINX, GPIO_PIN_SET);
 143:User/Source/HWCI.c ****         HAL_GPIO_WritePin(TSCLOrVSPL2IN2GPIOX, TSCLOrVSPL2IN2PINX, GPIO_PIN_RESET);
 144:User/Source/HWCI.c ****     }
 145:User/Source/HWCI.c **** }
 587              		.loc 1 145 1 view .LVU103
 588 000a 38BD     		pop	{r3, r4, r5, pc}
 589              	.LVL67:
 590              	.L63:
 137:User/Source/HWCI.c ****         HAL_GPIO_WritePin(TSCLOrVSPL2IN2GPIOX, TSCLOrVSPL2IN2PINX, GPIO_PIN_SET);
 591              		.loc 1 137 9 is_stmt 1 view .LVU104
 592 000c 0D4D     		ldr	r5, .L65
 593 000e 0022     		movs	r2, #0
 594 0010 4FF40051 		mov	r1, #8192
 595 0014 2846     		mov	r0, r5
 596              	.LVL68:
 137:User/Source/HWCI.c ****         HAL_GPIO_WritePin(TSCLOrVSPL2IN2GPIOX, TSCLOrVSPL2IN2PINX, GPIO_PIN_SET);
 597              		.loc 1 137 9 is_stmt 0 view .LVU105
 598 0016 FFF7FEFF 		bl	HAL_GPIO_WritePin
 599              	.LVL69:
 138:User/Source/HWCI.c ****     }   
 600              		.loc 1 138 9 is_stmt 1 view .LVU106
 601 001a 0122     		movs	r2, #1
 602 001c 4FF48041 		mov	r1, #16384
 603 0020 2846     		mov	r0, r5
 604 0022 FFF7FEFF 		bl	HAL_GPIO_WritePin
 605              	.LVL70:
 606 0026 EFE7     		b	.L60
 607              	.L64:
 142:User/Source/HWCI.c ****         HAL_GPIO_WritePin(TSCLOrVSPL2IN2GPIOX, TSCLOrVSPL2IN2PINX, GPIO_PIN_RESET);
 608              		.loc 1 142 9 view .LVU107
 609 0028 064C     		ldr	r4, .L65
 610              	.LVL71:
 142:User/Source/HWCI.c ****         HAL_GPIO_WritePin(TSCLOrVSPL2IN2GPIOX, TSCLOrVSPL2IN2PINX, GPIO_PIN_RESET);
 611              		.loc 1 142 9 is_stmt 0 view .LVU108
 612 002a 0122     		movs	r2, #1
 613 002c 4FF40051 		mov	r1, #8192
 614 0030 2046     		mov	r0, r4
 615 0032 FFF7FEFF 		bl	HAL_GPIO_WritePin
 616              	.LVL72:
 143:User/Source/HWCI.c ****     }
 617              		.loc 1 143 9 is_stmt 1 view .LVU109
 618 0036 0022     		movs	r2, #0
 619 0038 4FF48041 		mov	r1, #16384
 620 003c 2046     		mov	r0, r4
 621 003e FFF7FEFF 		bl	HAL_GPIO_WritePin
 622              	.LVL73:
 623              		.loc 1 145 1 is_stmt 0 view .LVU110
ARM GAS  C:\Users\Administrator\AppData\Local\Temp\ccAthW4e.s 			page 15


 624 0042 E2E7     		b	.L59
 625              	.L66:
 626              		.align	2
 627              	.L65:
 628 0044 000C0140 		.word	1073810432
 629              		.cfi_endproc
 630              	.LFE82:
 632              		.section	.text.VSNL2rVMTP,"ax",%progbits
 633              		.align	1
 634              		.global	VSNL2rVMTP
 635              		.syntax unified
 636              		.thumb
 637              		.thumb_func
 639              	VSNL2rVMTP:
 640              	.LVL74:
 641              	.LFB83:
 146:User/Source/HWCI.c **** 
 147:User/Source/HWCI.c **** /**
 148:User/Source/HWCI.c ****  * @函数名称       控制U8的模拟开关芯片，选择VSNL2还是VMTP
 149:User/Source/HWCI.c ****  * @说明           SelectU8HW:选择电路
 150:User/Source/HWCI.c ****  */
 151:User/Source/HWCI.c **** void VSNL2rVMTP(uint8_t SelectU8HW)
 152:User/Source/HWCI.c **** {
 642              		.loc 1 152 1 is_stmt 1 view -0
 643              		.cfi_startproc
 644              		@ args = 0, pretend = 0, frame = 0
 645              		@ frame_needed = 0, uses_anonymous_args = 0
 646              		.loc 1 152 1 is_stmt 0 view .LVU112
 647 0000 38B5     		push	{r3, r4, r5, lr}
 648              	.LCFI8:
 649              		.cfi_def_cfa_offset 16
 650              		.cfi_offset 3, -16
 651              		.cfi_offset 4, -12
 652              		.cfi_offset 5, -8
 653              		.cfi_offset 14, -4
 654 0002 0446     		mov	r4, r0
 153:User/Source/HWCI.c ****     if (SelectU8HW == VMTP)
 655              		.loc 1 153 5 is_stmt 1 view .LVU113
 656              		.loc 1 153 8 is_stmt 0 view .LVU114
 657 0004 0128     		cmp	r0, #1
 658 0006 01D0     		beq	.L71
 659              	.LVL75:
 660              	.L68:
 154:User/Source/HWCI.c ****     {
 155:User/Source/HWCI.c ****         HAL_GPIO_WritePin(TSCLOrVSPL2IN1GPIOX, TSCLOrVSPL2IN1PINX, GPIO_PIN_RESET);
 156:User/Source/HWCI.c ****         HAL_GPIO_WritePin(TSCLOrVSPL2IN2GPIOX, TSCLOrVSPL2IN2PINX, GPIO_PIN_SET);
 157:User/Source/HWCI.c ****     }   
 158:User/Source/HWCI.c ****     if (SelectU8HW == VSNL2)
 661              		.loc 1 158 5 is_stmt 1 view .LVU115
 662              		.loc 1 158 8 is_stmt 0 view .LVU116
 663 0008 74B1     		cbz	r4, .L72
 664              	.LVL76:
 665              	.L67:
 159:User/Source/HWCI.c ****     {
 160:User/Source/HWCI.c ****         HAL_GPIO_WritePin(TSCLOrVSPL2IN1GPIOX, TSCLOrVSPL2IN1PINX, GPIO_PIN_SET);
 161:User/Source/HWCI.c ****         HAL_GPIO_WritePin(TSCLOrVSPL2IN2GPIOX, TSCLOrVSPL2IN2PINX, GPIO_PIN_RESET);
 162:User/Source/HWCI.c ****     }
ARM GAS  C:\Users\Administrator\AppData\Local\Temp\ccAthW4e.s 			page 16


 163:User/Source/HWCI.c **** }
 666              		.loc 1 163 1 view .LVU117
 667 000a 38BD     		pop	{r3, r4, r5, pc}
 668              	.LVL77:
 669              	.L71:
 155:User/Source/HWCI.c ****         HAL_GPIO_WritePin(TSCLOrVSPL2IN2GPIOX, TSCLOrVSPL2IN2PINX, GPIO_PIN_SET);
 670              		.loc 1 155 9 is_stmt 1 view .LVU118
 671 000c 0D4D     		ldr	r5, .L73
 672 000e 0022     		movs	r2, #0
 673 0010 4FF40051 		mov	r1, #8192
 674 0014 2846     		mov	r0, r5
 675              	.LVL78:
 155:User/Source/HWCI.c ****         HAL_GPIO_WritePin(TSCLOrVSPL2IN2GPIOX, TSCLOrVSPL2IN2PINX, GPIO_PIN_SET);
 676              		.loc 1 155 9 is_stmt 0 view .LVU119
 677 0016 FFF7FEFF 		bl	HAL_GPIO_WritePin
 678              	.LVL79:
 156:User/Source/HWCI.c ****     }   
 679              		.loc 1 156 9 is_stmt 1 view .LVU120
 680 001a 0122     		movs	r2, #1
 681 001c 4FF48041 		mov	r1, #16384
 682 0020 2846     		mov	r0, r5
 683 0022 FFF7FEFF 		bl	HAL_GPIO_WritePin
 684              	.LVL80:
 685 0026 EFE7     		b	.L68
 686              	.L72:
 160:User/Source/HWCI.c ****         HAL_GPIO_WritePin(TSCLOrVSPL2IN2GPIOX, TSCLOrVSPL2IN2PINX, GPIO_PIN_RESET);
 687              		.loc 1 160 9 view .LVU121
 688 0028 064C     		ldr	r4, .L73
 689              	.LVL81:
 160:User/Source/HWCI.c ****         HAL_GPIO_WritePin(TSCLOrVSPL2IN2GPIOX, TSCLOrVSPL2IN2PINX, GPIO_PIN_RESET);
 690              		.loc 1 160 9 is_stmt 0 view .LVU122
 691 002a 0122     		movs	r2, #1
 692 002c 4FF40051 		mov	r1, #8192
 693 0030 2046     		mov	r0, r4
 694 0032 FFF7FEFF 		bl	HAL_GPIO_WritePin
 695              	.LVL82:
 161:User/Source/HWCI.c ****     }
 696              		.loc 1 161 9 is_stmt 1 view .LVU123
 697 0036 0022     		movs	r2, #0
 698 0038 4FF48041 		mov	r1, #16384
 699 003c 2046     		mov	r0, r4
 700 003e FFF7FEFF 		bl	HAL_GPIO_WritePin
 701              	.LVL83:
 702              		.loc 1 163 1 is_stmt 0 view .LVU124
 703 0042 E2E7     		b	.L67
 704              	.L74:
 705              		.align	2
 706              	.L73:
 707 0044 000C0140 		.word	1073810432
 708              		.cfi_endproc
 709              	.LFE83:
 711              		.text
 712              	.Letext0:
 713              		.file 2 "D:/gcc-arm/14.3 rel1/arm-none-eabi/include/machine/_default_types.h"
 714              		.file 3 "D:/gcc-arm/14.3 rel1/arm-none-eabi/include/sys/_stdint.h"
 715              		.file 4 "Drivers/CMSIS/Device/ST/STM32F1xx/Include/stm32f103xg.h"
 716              		.file 5 "Drivers/STM32F1xx_HAL_Driver/Inc/stm32f1xx_hal_gpio.h"
ARM GAS  C:\Users\Administrator\AppData\Local\Temp\ccAthW4e.s 			page 17


ARM GAS  C:\Users\Administrator\AppData\Local\Temp\ccAthW4e.s 			page 18


DEFINED SYMBOLS
                            *ABS*:00000000 HWCI.c
C:\Users\Administrator\AppData\Local\Temp\ccAthW4e.s:19     .text.VDDSwitch:00000000 $t
C:\Users\Administrator\AppData\Local\Temp\ccAthW4e.s:25     .text.VDDSwitch:00000000 VDDSwitch
C:\Users\Administrator\AppData\Local\Temp\ccAthW4e.s:74     .text.VDDSwitch:00000024 $d
C:\Users\Administrator\AppData\Local\Temp\ccAthW4e.s:79     .text.LVSwitch:00000000 $t
C:\Users\Administrator\AppData\Local\Temp\ccAthW4e.s:85     .text.LVSwitch:00000000 LVSwitch
C:\Users\Administrator\AppData\Local\Temp\ccAthW4e.s:134    .text.LVSwitch:00000028 $d
C:\Users\Administrator\AppData\Local\Temp\ccAthW4e.s:139    .text.SelectInductor:00000000 $t
C:\Users\Administrator\AppData\Local\Temp\ccAthW4e.s:145    .text.SelectInductor:00000000 SelectInductor
C:\Users\Administrator\AppData\Local\Temp\ccAthW4e.s:216    .text.SelectInductor:00000044 $d
C:\Users\Administrator\AppData\Local\Temp\ccAthW4e.s:221    .text.SelectResistance:00000000 $t
C:\Users\Administrator\AppData\Local\Temp\ccAthW4e.s:227    .text.SelectResistance:00000000 SelectResistance
C:\Users\Administrator\AppData\Local\Temp\ccAthW4e.s:315    .text.SelectResistance:00000064 $d
C:\Users\Administrator\AppData\Local\Temp\ccAthW4e.s:320    .text.SelectESLSPI:00000000 $t
C:\Users\Administrator\AppData\Local\Temp\ccAthW4e.s:326    .text.SelectESLSPI:00000000 SelectESLSPI
C:\Users\Administrator\AppData\Local\Temp\ccAthW4e.s:387    .text.SelectESLSPI:0000003c $d
C:\Users\Administrator\AppData\Local\Temp\ccAthW4e.s:393    .text.VDDOrAAVSPL2:00000000 $t
C:\Users\Administrator\AppData\Local\Temp\ccAthW4e.s:399    .text.VDDOrAAVSPL2:00000000 VDDOrAAVSPL2
C:\Users\Administrator\AppData\Local\Temp\ccAthW4e.s:470    .text.VDDOrAAVSPL2:0000004c $d
C:\Users\Administrator\AppData\Local\Temp\ccAthW4e.s:475    .text.VDDLOrHiz:00000000 $t
C:\Users\Administrator\AppData\Local\Temp\ccAthW4e.s:481    .text.VDDLOrHiz:00000000 VDDLOrHiz
C:\Users\Administrator\AppData\Local\Temp\ccAthW4e.s:549    .text.VDDLOrHiz:00000044 $d
C:\Users\Administrator\AppData\Local\Temp\ccAthW4e.s:554    .text.TSCLOrVSPL2:00000000 $t
C:\Users\Administrator\AppData\Local\Temp\ccAthW4e.s:560    .text.TSCLOrVSPL2:00000000 TSCLOrVSPL2
C:\Users\Administrator\AppData\Local\Temp\ccAthW4e.s:628    .text.TSCLOrVSPL2:00000044 $d
C:\Users\Administrator\AppData\Local\Temp\ccAthW4e.s:633    .text.VSNL2rVMTP:00000000 $t
C:\Users\Administrator\AppData\Local\Temp\ccAthW4e.s:639    .text.VSNL2rVMTP:00000000 VSNL2rVMTP
C:\Users\Administrator\AppData\Local\Temp\ccAthW4e.s:707    .text.VSNL2rVMTP:00000044 $d

UNDEFINED SYMBOLS
HAL_GPIO_WritePin
