ARM GAS  C:\Users\Administrator\AppData\Local\Temp\cc6ZKNli.s 			page 1


   1              		.cpu cortex-m3
   2              		.arch armv7-m
   3              		.fpu softvfp
   4              		.eabi_attribute 20, 1
   5              		.eabi_attribute 21, 1
   6              		.eabi_attribute 23, 3
   7              		.eabi_attribute 24, 1
   8              		.eabi_attribute 25, 1
   9              		.eabi_attribute 26, 1
  10              		.eabi_attribute 30, 1
  11              		.eabi_attribute 34, 1
  12              		.eabi_attribute 18, 4
  13              		.file	"ReceiveDataProcess.c"
  14              		.text
  15              	.Ltext0:
  16              		.cfi_sections	.debug_frame
  17              		.file 1 "UserAPP/Source/ReceiveDataProcess.c"
  18              		.section	.text.vCreateReceiveDataQueueTask,"ax",%progbits
  19              		.align	1
  20              		.global	vCreateReceiveDataQueueTask
  21              		.syntax unified
  22              		.thumb
  23              		.thumb_func
  25              	vCreateReceiveDataQueueTask:
  26              	.LVL0:
  27              	.LFB81:
   1:UserAPP/Source/ReceiveDataProcess.c **** #include "ReceiveDataProcess.h"
   2:UserAPP/Source/ReceiveDataProcess.c **** 
   3:UserAPP/Source/ReceiveDataProcess.c **** 
   4:UserAPP/Source/ReceiveDataProcess.c **** // 全局变量定义
   5:UserAPP/Source/ReceiveDataProcess.c **** BaseType_t xCreateReceiveDataTaskReturned;
   6:UserAPP/Source/ReceiveDataProcess.c **** TaskHandle_t xCreateReceiveDataTaskHandle = NULL;
   7:UserAPP/Source/ReceiveDataProcess.c **** /* 队列句柄，用于接收数据的存储和传递。 */
   8:UserAPP/Source/ReceiveDataProcess.c **** QueueHandle_t xReceiveDataQueue = NULL;
   9:UserAPP/Source/ReceiveDataProcess.c **** // 创建数据结构包含数据和长度信息
  10:UserAPP/Source/ReceiveDataProcess.c **** ReceiveDataPacket_t dataPacket;
  11:UserAPP/Source/ReceiveDataProcess.c **** BaseType_t xHigherPriorityTaskWoken = pdFALSE;
  12:UserAPP/Source/ReceiveDataProcess.c **** // 拆开接收到的数据包
  13:UserAPP/Source/ReceiveDataProcess.c **** ParsedDataPacket_t parsedDataPacket =
  14:UserAPP/Source/ReceiveDataProcess.c **** {
  15:UserAPP/Source/ReceiveDataProcess.c ****     .Header = {0},                  /* 数据包头 */
  16:UserAPP/Source/ReceiveDataProcess.c ****     .Command = {0},                 /* 命令字 */
  17:UserAPP/Source/ReceiveDataProcess.c ****     .Payload = {0},                 /* 有效载荷 */
  18:UserAPP/Source/ReceiveDataProcess.c ****     .Checksum = 0                   /* 校验和CRC8 */
  19:UserAPP/Source/ReceiveDataProcess.c **** };
  20:UserAPP/Source/ReceiveDataProcess.c **** 
  21:UserAPP/Source/ReceiveDataProcess.c **** 
  22:UserAPP/Source/ReceiveDataProcess.c **** 
  23:UserAPP/Source/ReceiveDataProcess.c **** /**
  24:UserAPP/Source/ReceiveDataProcess.c ****  * @brief 创建并启动接收数据处理任务。
  25:UserAPP/Source/ReceiveDataProcess.c ****  *
  26:UserAPP/Source/ReceiveDataProcess.c ****  * 创建任务并检查返回值；任务实现应为无限循环并在阻塞点等待数据。
  27:UserAPP/Source/ReceiveDataProcess.c ****  */
  28:UserAPP/Source/ReceiveDataProcess.c **** void vCreateReceiveDataTask(void)
  29:UserAPP/Source/ReceiveDataProcess.c **** {
  30:UserAPP/Source/ReceiveDataProcess.c ****     vCreateReceiveDataQueueTask(NULL);
  31:UserAPP/Source/ReceiveDataProcess.c **** 
ARM GAS  C:\Users\Administrator\AppData\Local\Temp\cc6ZKNli.s 			page 2


  32:UserAPP/Source/ReceiveDataProcess.c ****     /* Create the task, storing the handle. */
  33:UserAPP/Source/ReceiveDataProcess.c ****     xCreateReceiveDataTaskReturned = xTaskCreate(
  34:UserAPP/Source/ReceiveDataProcess.c ****                    vReceiveDataProcessTask,                      /* Function that implements the ta
  35:UserAPP/Source/ReceiveDataProcess.c ****                     "vReceiveDataProcessTask",                   /* Text name for the task. */
  36:UserAPP/Source/ReceiveDataProcess.c ****                     256,                                         /* Stack size in words, not bytes.
  37:UserAPP/Source/ReceiveDataProcess.c ****                     ( void * ) 1,                                /* Parameter passed into the task.
  38:UserAPP/Source/ReceiveDataProcess.c ****                     tskIDLE_PRIORITY,                            /* Highest possible priority */
  39:UserAPP/Source/ReceiveDataProcess.c ****                     &xCreateReceiveDataTaskHandle );             /* Used to pass out the created ta
  40:UserAPP/Source/ReceiveDataProcess.c **** 
  41:UserAPP/Source/ReceiveDataProcess.c ****     if( xCreateReceiveDataTaskReturned == pdPASS )
  42:UserAPP/Source/ReceiveDataProcess.c ****     {
  43:UserAPP/Source/ReceiveDataProcess.c ****         
  44:UserAPP/Source/ReceiveDataProcess.c ****     }
  45:UserAPP/Source/ReceiveDataProcess.c **** }
  46:UserAPP/Source/ReceiveDataProcess.c **** 
  47:UserAPP/Source/ReceiveDataProcess.c **** 
  48:UserAPP/Source/ReceiveDataProcess.c **** /**
  49:UserAPP/Source/ReceiveDataProcess.c ****  * @brief 接收数据处理任务
  50:UserAPP/Source/ReceiveDataProcess.c ****  *
  51:UserAPP/Source/ReceiveDataProcess.c ****  * 该任务负责从系统的接收通道（例如 UART、SPI、USB 等）获取原始数据，
  52:UserAPP/Source/ReceiveDataProcess.c ****  * 对数据进行必要的解析与校验，并将处理后的消息/事件分发到应用层。
  53:UserAPP/Source/ReceiveDataProcess.c ****  */
  54:UserAPP/Source/ReceiveDataProcess.c **** void vReceiveDataProcessTask( void * pvParameters )
  55:UserAPP/Source/ReceiveDataProcess.c **** {
  56:UserAPP/Source/ReceiveDataProcess.c ****     /* 该参数值期望为 1，因为在下面对 xTaskCreate() 的调用中将 1 作为 pvParame
  57:UserAPP/Source/ReceiveDataProcess.c ****     configASSERT( ( ( uint32_t ) pvParameters ) == 1 );
  58:UserAPP/Source/ReceiveDataProcess.c ****     
  59:UserAPP/Source/ReceiveDataProcess.c ****     for (;;)
  60:UserAPP/Source/ReceiveDataProcess.c ****     {
  61:UserAPP/Source/ReceiveDataProcess.c ****         if( xReceiveDataQueue != NULL )
  62:UserAPP/Source/ReceiveDataProcess.c ****         {
  63:UserAPP/Source/ReceiveDataProcess.c ****             /* 从已创建的队列接收一条消息 */
  64:UserAPP/Source/ReceiveDataProcess.c ****             if( xQueueReceive( xReceiveDataQueue, &(dataPacket),(TickType_t) 0 ) == pdPASS )
  65:UserAPP/Source/ReceiveDataProcess.c ****             {
  66:UserAPP/Source/ReceiveDataProcess.c ****                 /* xReceiveDataQueueRx now contains a copy of xMessage. */
  67:UserAPP/Source/ReceiveDataProcess.c ****                 
  68:UserAPP/Source/ReceiveDataProcess.c ****                 /* 打印接收到的原始数据（用于调试） 
  69:UserAPP/Source/ReceiveDataProcess.c ****                 char hexStr[256]; // 足够容纳所有数据的十六进制表示
  70:UserAPP/Source/ReceiveDataProcess.c ****                 int offset = 0;
  71:UserAPP/Source/ReceiveDataProcess.c ****                 
  72:UserAPP/Source/ReceiveDataProcess.c ****                 offset += sprintf(hexStr + offset, "接收到数据[%d字节]: ", dataPacket.length
  73:UserAPP/Source/ReceiveDataProcess.c ****                 
  74:UserAPP/Source/ReceiveDataProcess.c ****                 // 打印所有接收到的字节
  75:UserAPP/Source/ReceiveDataProcess.c ****                 for (uint16_t i = 0; i < dataPacket.length && i < MAX_RECEIVE_DATA_SIZE; i++)
  76:UserAPP/Source/ReceiveDataProcess.c ****                 {
  77:UserAPP/Source/ReceiveDataProcess.c ****                     offset += sprintf(hexStr + offset, "%02X ", dataPacket.data[i]);
  78:UserAPP/Source/ReceiveDataProcess.c ****                 }
  79:UserAPP/Source/ReceiveDataProcess.c ****                 
  80:UserAPP/Source/ReceiveDataProcess.c ****                 offset += sprintf(hexStr + offset, "\r\n");
  81:UserAPP/Source/ReceiveDataProcess.c ****                 
  82:UserAPP/Source/ReceiveDataProcess.c ****                 // 一次性发送完整的字符串到日志队列 
  83:UserAPP/Source/ReceiveDataProcess.c ****                 QueueSendfmt(xReceiveLogQueue, 0, "%s", hexStr);
  84:UserAPP/Source/ReceiveDataProcess.c ****                 */
  85:UserAPP/Source/ReceiveDataProcess.c ****                 
  86:UserAPP/Source/ReceiveDataProcess.c ****                 /* 解析数据包 */
  87:UserAPP/Source/ReceiveDataProcess.c ****                 vParseReceivedDataPacket();
  88:UserAPP/Source/ReceiveDataProcess.c ****             }
ARM GAS  C:\Users\Administrator\AppData\Local\Temp\cc6ZKNli.s 			page 3


  89:UserAPP/Source/ReceiveDataProcess.c ****         } 
  90:UserAPP/Source/ReceiveDataProcess.c ****     }
  91:UserAPP/Source/ReceiveDataProcess.c **** }
  92:UserAPP/Source/ReceiveDataProcess.c **** 
  93:UserAPP/Source/ReceiveDataProcess.c **** 
  94:UserAPP/Source/ReceiveDataProcess.c **** 
  95:UserAPP/Source/ReceiveDataProcess.c **** /**
  96:UserAPP/Source/ReceiveDataProcess.c ****  * @brief 示例任务：创建一个队列用于接收数据
  97:UserAPP/Source/ReceiveDataProcess.c ****  *
  98:UserAPP/Source/ReceiveDataProcess.c ****  * 该任务创建一个队列以存储接收到的数据。实际应用中，
  99:UserAPP/Source/ReceiveDataProcess.c ****  * 任务应包含从外设接收数据并将其发送到队列的逻辑。
 100:UserAPP/Source/ReceiveDataProcess.c ****  */
 101:UserAPP/Source/ReceiveDataProcess.c **** void vCreateReceiveDataQueueTask( void *pvParameters )
 102:UserAPP/Source/ReceiveDataProcess.c **** {
  28              		.loc 1 102 1 view -0
  29              		.cfi_startproc
  30              		@ args = 0, pretend = 0, frame = 0
  31              		@ frame_needed = 0, uses_anonymous_args = 0
  32              		.loc 1 102 1 is_stmt 0 view .LVU1
  33 0000 08B5     		push	{r3, lr}
  34              	.LCFI0:
  35              		.cfi_def_cfa_offset 8
  36              		.cfi_offset 3, -8
  37              		.cfi_offset 14, -4
 103:UserAPP/Source/ReceiveDataProcess.c ****     /* 创建一个用于保存接收数据包（ReceiveDataPacket_t）的队列，最多可容纳 
 104:UserAPP/Source/ReceiveDataProcess.c ****     xReceiveDataQueue = xQueueCreate( 10, sizeof(ReceiveDataPacket_t) );
  38              		.loc 1 104 5 is_stmt 1 view .LVU2
  39              		.loc 1 104 25 is_stmt 0 view .LVU3
  40 0002 0022     		movs	r2, #0
  41 0004 4221     		movs	r1, #66
  42 0006 0A20     		movs	r0, #10
  43              	.LVL1:
  44              		.loc 1 104 25 view .LVU4
  45 0008 FFF7FEFF 		bl	xQueueGenericCreate
  46              	.LVL2:
  47              		.loc 1 104 23 discriminator 1 view .LVU5
  48 000c 014B     		ldr	r3, .L3
  49 000e 1860     		str	r0, [r3]
 105:UserAPP/Source/ReceiveDataProcess.c **** 
 106:UserAPP/Source/ReceiveDataProcess.c ****     if( xReceiveDataQueue == NULL )
  50              		.loc 1 106 5 is_stmt 1 view .LVU6
 107:UserAPP/Source/ReceiveDataProcess.c ****     {
 108:UserAPP/Source/ReceiveDataProcess.c ****         /* Queue was not created and must not be used. */
 109:UserAPP/Source/ReceiveDataProcess.c ****     }
  51              		.loc 1 109 5 view .LVU7
 110:UserAPP/Source/ReceiveDataProcess.c ****  }
  52              		.loc 1 110 2 is_stmt 0 view .LVU8
  53 0010 08BD     		pop	{r3, pc}
  54              	.L4:
  55 0012 00BF     		.align	2
  56              	.L3:
  57 0014 00000000 		.word	xReceiveDataQueue
  58              		.cfi_endproc
  59              	.LFE81:
  61              		.section	.rodata.vCreateReceiveDataTask.str1.4,"aMS",%progbits,1
  62              		.align	2
  63              	.LC0:
ARM GAS  C:\Users\Administrator\AppData\Local\Temp\cc6ZKNli.s 			page 4


  64 0000 76526563 		.ascii	"vReceiveDataProcessTask\000"
  64      65697665 
  64      44617461 
  64      50726F63 
  64      65737354 
  65              		.section	.text.vCreateReceiveDataTask,"ax",%progbits
  66              		.align	1
  67              		.global	vCreateReceiveDataTask
  68              		.syntax unified
  69              		.thumb
  70              		.thumb_func
  72              	vCreateReceiveDataTask:
  73              	.LFB79:
  29:UserAPP/Source/ReceiveDataProcess.c ****     vCreateReceiveDataQueueTask(NULL);
  74              		.loc 1 29 1 is_stmt 1 view -0
  75              		.cfi_startproc
  76              		@ args = 0, pretend = 0, frame = 0
  77              		@ frame_needed = 0, uses_anonymous_args = 0
  78 0000 00B5     		push	{lr}
  79              	.LCFI1:
  80              		.cfi_def_cfa_offset 4
  81              		.cfi_offset 14, -4
  82 0002 83B0     		sub	sp, sp, #12
  83              	.LCFI2:
  84              		.cfi_def_cfa_offset 16
  30:UserAPP/Source/ReceiveDataProcess.c **** 
  85              		.loc 1 30 5 view .LVU10
  86 0004 0020     		movs	r0, #0
  87 0006 FFF7FEFF 		bl	vCreateReceiveDataQueueTask
  88              	.LVL3:
  33:UserAPP/Source/ReceiveDataProcess.c ****                    vReceiveDataProcessTask,                      /* Function that implements the ta
  89              		.loc 1 33 5 view .LVU11
  33:UserAPP/Source/ReceiveDataProcess.c ****                    vReceiveDataProcessTask,                      /* Function that implements the ta
  90              		.loc 1 33 38 is_stmt 0 view .LVU12
  91 000a 084B     		ldr	r3, .L7
  92 000c 0193     		str	r3, [sp, #4]
  93 000e 0023     		movs	r3, #0
  94 0010 0093     		str	r3, [sp]
  95 0012 0123     		movs	r3, #1
  96 0014 4FF48072 		mov	r2, #256
  97 0018 0549     		ldr	r1, .L7+4
  98 001a 0648     		ldr	r0, .L7+8
  99 001c FFF7FEFF 		bl	xTaskCreate
 100              	.LVL4:
  33:UserAPP/Source/ReceiveDataProcess.c ****                    vReceiveDataProcessTask,                      /* Function that implements the ta
 101              		.loc 1 33 36 discriminator 1 view .LVU13
 102 0020 054B     		ldr	r3, .L7+12
 103 0022 1860     		str	r0, [r3]
  41:UserAPP/Source/ReceiveDataProcess.c ****     {
 104              		.loc 1 41 5 is_stmt 1 view .LVU14
  44:UserAPP/Source/ReceiveDataProcess.c **** }
 105              		.loc 1 44 5 view .LVU15
  45:UserAPP/Source/ReceiveDataProcess.c **** 
 106              		.loc 1 45 1 is_stmt 0 view .LVU16
 107 0024 03B0     		add	sp, sp, #12
 108              	.LCFI3:
 109              		.cfi_def_cfa_offset 4
ARM GAS  C:\Users\Administrator\AppData\Local\Temp\cc6ZKNli.s 			page 5


 110              		@ sp needed
 111 0026 5DF804FB 		ldr	pc, [sp], #4
 112              	.L8:
 113 002a 00BF     		.align	2
 114              	.L7:
 115 002c 00000000 		.word	xCreateReceiveDataTaskHandle
 116 0030 00000000 		.word	.LC0
 117 0034 00000000 		.word	vReceiveDataProcessTask
 118 0038 00000000 		.word	xCreateReceiveDataTaskReturned
 119              		.cfi_endproc
 120              	.LFE79:
 122              		.section	.text.vReceiveDataQueueSendISRTask,"ax",%progbits
 123              		.align	1
 124              		.global	vReceiveDataQueueSendISRTask
 125              		.syntax unified
 126              		.thumb
 127              		.thumb_func
 129              	vReceiveDataQueueSendISRTask:
 130              	.LVL5:
 131              	.LFB82:
 111:UserAPP/Source/ReceiveDataProcess.c **** 
 112:UserAPP/Source/ReceiveDataProcess.c **** 
 113:UserAPP/Source/ReceiveDataProcess.c **** 
 114:UserAPP/Source/ReceiveDataProcess.c **** /** * @brief 在中断服务例程（ISR）中发送接收到的数据到接收队列
 115:UserAPP/Source/ReceiveDataProcess.c ****  *
 116:UserAPP/Source/ReceiveDataProcess.c ****  * @param Buf 指向接收到的数据缓冲区的指针
 117:UserAPP/Source/ReceiveDataProcess.c ****  * @param Len 指向数据长度的指针
 118:UserAPP/Source/ReceiveDataProcess.c ****  */
 119:UserAPP/Source/ReceiveDataProcess.c **** uint8_t vReceiveDataQueueSendISRTask(uint8_t* Buf, uint32_t *Len)
 120:UserAPP/Source/ReceiveDataProcess.c **** {
 132              		.loc 1 120 1 is_stmt 1 view -0
 133              		.cfi_startproc
 134              		@ args = 0, pretend = 0, frame = 0
 135              		@ frame_needed = 0, uses_anonymous_args = 0
 136              		.loc 1 120 1 is_stmt 0 view .LVU18
 137 0000 F8B5     		push	{r3, r4, r5, r6, r7, lr}
 138              	.LCFI4:
 139              		.cfi_def_cfa_offset 24
 140              		.cfi_offset 3, -24
 141              		.cfi_offset 4, -20
 142              		.cfi_offset 5, -16
 143              		.cfi_offset 6, -12
 144              		.cfi_offset 7, -8
 145              		.cfi_offset 14, -4
 121:UserAPP/Source/ReceiveDataProcess.c ****     if (*Len <= MAX_RECEIVE_DATA_SIZE && xReceiveDataQueue != NULL)
 146              		.loc 1 121 5 is_stmt 1 view .LVU19
 147              		.loc 1 121 9 is_stmt 0 view .LVU20
 148 0002 0B68     		ldr	r3, [r1]
 149              		.loc 1 121 8 view .LVU21
 150 0004 402B     		cmp	r3, #64
 151 0006 26D8     		bhi	.L10
 152 0008 0546     		mov	r5, r0
 153 000a 0C46     		mov	r4, r1
 154              		.loc 1 121 60 discriminator 1 view .LVU22
 155 000c 134B     		ldr	r3, .L12
 156 000e 1F68     		ldr	r7, [r3]
 157              		.loc 1 121 39 discriminator 1 view .LVU23
ARM GAS  C:\Users\Administrator\AppData\Local\Temp\cc6ZKNli.s 			page 6


 158 0010 0FB3     		cbz	r7, .L10
 122:UserAPP/Source/ReceiveDataProcess.c ****     {
 123:UserAPP/Source/ReceiveDataProcess.c ****         // 先清零接收缓冲区
 124:UserAPP/Source/ReceiveDataProcess.c ****         memset(&dataPacket, 0, sizeof(dataPacket));
 159              		.loc 1 124 9 is_stmt 1 view .LVU24
 160 0012 134E     		ldr	r6, .L12+4
 161 0014 4222     		movs	r2, #66
 162 0016 0021     		movs	r1, #0
 163              	.LVL6:
 164              		.loc 1 124 9 is_stmt 0 view .LVU25
 165 0018 3046     		mov	r0, r6
 166              	.LVL7:
 167              		.loc 1 124 9 view .LVU26
 168 001a FFF7FEFF 		bl	memset
 169              	.LVL8:
 125:UserAPP/Source/ReceiveDataProcess.c **** 
 126:UserAPP/Source/ReceiveDataProcess.c ****         // 拷贝数据到数据包结构中,数据持久化
 127:UserAPP/Source/ReceiveDataProcess.c ****         memcpy(dataPacket.data, Buf, *Len);
 170              		.loc 1 127 9 is_stmt 1 view .LVU27
 171 001e 2268     		ldr	r2, [r4]
 172 0020 2946     		mov	r1, r5
 173 0022 3046     		mov	r0, r6
 174 0024 FFF7FEFF 		bl	memcpy
 175              	.LVL9:
 128:UserAPP/Source/ReceiveDataProcess.c ****         dataPacket.length = *Len;
 176              		.loc 1 128 9 view .LVU28
 177              		.loc 1 128 29 is_stmt 0 view .LVU29
 178 0028 2368     		ldr	r3, [r4]
 179              		.loc 1 128 27 view .LVU30
 180 002a A6F84030 		strh	r3, [r6, #64]	@ movhi
 129:UserAPP/Source/ReceiveDataProcess.c **** 
 130:UserAPP/Source/ReceiveDataProcess.c ****         // 将整个数据包结构发送到接收队列（不只是 data 数组，还包括 length
 131:UserAPP/Source/ReceiveDataProcess.c ****         if (xQueueSendFromISR(xReceiveDataQueue, &dataPacket, &xHigherPriorityTaskWoken) == errQUEU
 181              		.loc 1 131 9 is_stmt 1 view .LVU31
 182              		.loc 1 131 13 is_stmt 0 view .LVU32
 183 002e 0023     		movs	r3, #0
 184 0030 0C4A     		ldr	r2, .L12+8
 185 0032 3146     		mov	r1, r6
 186 0034 3846     		mov	r0, r7
 187 0036 FFF7FEFF 		bl	xQueueGenericSendFromISR
 188              	.LVL10:
 189              		.loc 1 131 12 discriminator 1 view .LVU33
 190 003a 60B1     		cbz	r0, .L10
 132:UserAPP/Source/ReceiveDataProcess.c ****             return (USBD_OK);
 133:UserAPP/Source/ReceiveDataProcess.c **** 
 134:UserAPP/Source/ReceiveDataProcess.c ****         portYIELD_FROM_ISR(xHigherPriorityTaskWoken);
 191              		.loc 1 134 9 is_stmt 1 view .LVU34
 192 003c 094B     		ldr	r3, .L12+8
 193 003e 1B68     		ldr	r3, [r3]
 194 0040 4BB1     		cbz	r3, .L10
 195              		.loc 1 134 9 discriminator 1 view .LVU35
 196 0042 4FF0E023 		mov	r3, #-536813568
 197 0046 4FF08052 		mov	r2, #268435456
 198 004a C3F8042D 		str	r2, [r3, #3332]
 199              		.loc 1 134 9 view .LVU36
 200              		.loc 1 134 9 is_stmt 0 discriminator 1 view .LVU37
 201              		.syntax unified
ARM GAS  C:\Users\Administrator\AppData\Local\Temp\cc6ZKNli.s 			page 7


 202              	@ 134 "UserAPP/Source/ReceiveDataProcess.c" 1
 203 004e BFF34F8F 		dsb
 204              	@ 0 "" 2
 205              		.loc 1 134 9 is_stmt 1 view .LVU38
 206              		.loc 1 134 9 is_stmt 0 discriminator 1 view .LVU39
 207              	@ 134 "UserAPP/Source/ReceiveDataProcess.c" 1
 208 0052 BFF36F8F 		isb
 209              	@ 0 "" 2
 210              	.LVL11:
 211              		.thumb
 212              		.syntax unified
 213              	.L10:
 135:UserAPP/Source/ReceiveDataProcess.c ****     }
 136:UserAPP/Source/ReceiveDataProcess.c **** 
 137:UserAPP/Source/ReceiveDataProcess.c ****     return 0;
 138:UserAPP/Source/ReceiveDataProcess.c **** }
 214              		.loc 1 138 1 view .LVU40
 215 0056 0020     		movs	r0, #0
 216 0058 F8BD     		pop	{r3, r4, r5, r6, r7, pc}
 217              	.L13:
 218 005a 00BF     		.align	2
 219              	.L12:
 220 005c 00000000 		.word	xReceiveDataQueue
 221 0060 00000000 		.word	dataPacket
 222 0064 00000000 		.word	xHigherPriorityTaskWoken
 223              		.cfi_endproc
 224              	.LFE82:
 226              		.section	.rodata.vParseReceivedDataPacket.str1.4,"aMS",%progbits,1
 227              		.align	2
 228              	.LC1:
 229 0000 E695B0E6 		.ascii	"\346\225\260\346\215\256\345\214\205\345\244\264\351"
 229      8DAEE58C 
 229      85E5A4B4 
 229      E9
 230 000d 9499E8AF 		.ascii	"\224\231\350\257\257: %02X %02X\015\012\000"
 230      AF3A2025 
 230      30325820 
 230      25303258 
 230      0D0A00
 231              		.align	2
 232              	.LC2:
 233 0020 E695B0E6 		.ascii	"\346\225\260\346\215\256\345\214\205\350\247\243\346"
 233      8DAEE58C 
 233      85E8A7A3 
 233      E6
 234 002d 9E90E688 		.ascii	"\236\220\346\210\220\345\212\237\357\274\214\346\211"
 234      90E58A9F 
 234      EFBC8CE6 
 234      89
 235 003a A7E8A18C 		.ascii	"\247\350\241\214\344\273\273\345\212\241: %d \015\012"
 235      E4BBBBE5 
 235      8AA13A20 
 235      2564200D 
 235      0A
 236 004b 00       		.ascii	"\000"
 237              		.section	.text.vParseReceivedDataPacket,"ax",%progbits
 238              		.align	1
ARM GAS  C:\Users\Administrator\AppData\Local\Temp\cc6ZKNli.s 			page 8


 239              		.global	vParseReceivedDataPacket
 240              		.syntax unified
 241              		.thumb
 242              		.thumb_func
 244              	vParseReceivedDataPacket:
 245              	.LFB83:
 139:UserAPP/Source/ReceiveDataProcess.c **** 
 140:UserAPP/Source/ReceiveDataProcess.c **** 
 141:UserAPP/Source/ReceiveDataProcess.c **** 
 142:UserAPP/Source/ReceiveDataProcess.c **** /**
 143:UserAPP/Source/ReceiveDataProcess.c ****  * @brief 解析接收到的数据包
 144:UserAPP/Source/ReceiveDataProcess.c ****  *
 145:UserAPP/Source/ReceiveDataProcess.c ****  */
 146:UserAPP/Source/ReceiveDataProcess.c **** void vParseReceivedDataPacket(void)
 147:UserAPP/Source/ReceiveDataProcess.c **** {
 246              		.loc 1 147 1 is_stmt 1 view -0
 247              		.cfi_startproc
 248              		@ args = 0, pretend = 0, frame = 0
 249              		@ frame_needed = 0, uses_anonymous_args = 0
 250 0000 00B5     		push	{lr}
 251              	.LCFI5:
 252              		.cfi_def_cfa_offset 4
 253              		.cfi_offset 14, -4
 254 0002 83B0     		sub	sp, sp, #12
 255              	.LCFI6:
 256              		.cfi_def_cfa_offset 16
 148:UserAPP/Source/ReceiveDataProcess.c ****     // 拆分数据包头 (索引 0-1)
 149:UserAPP/Source/ReceiveDataProcess.c ****     parsedDataPacket.Header[0] = dataPacket.data[0];
 257              		.loc 1 149 5 view .LVU42
 258              		.loc 1 149 49 is_stmt 0 view .LVU43
 259 0004 184A     		ldr	r2, .L21
 260 0006 1378     		ldrb	r3, [r2]	@ zero_extendqisi2
 261              		.loc 1 149 32 view .LVU44
 262 0008 1849     		ldr	r1, .L21+4
 263 000a 0B70     		strb	r3, [r1]
 150:UserAPP/Source/ReceiveDataProcess.c ****     parsedDataPacket.Header[1] = dataPacket.data[1];
 264              		.loc 1 150 5 is_stmt 1 view .LVU45
 265              		.loc 1 150 49 is_stmt 0 view .LVU46
 266 000c 5278     		ldrb	r2, [r2, #1]	@ zero_extendqisi2
 267              		.loc 1 150 32 view .LVU47
 268 000e 4A70     		strb	r2, [r1, #1]
 151:UserAPP/Source/ReceiveDataProcess.c **** 
 152:UserAPP/Source/ReceiveDataProcess.c ****     // 判断数据包头是否正确（例如：FE EF）
 153:UserAPP/Source/ReceiveDataProcess.c ****     if (parsedDataPacket.Header[0] != 0xFE || parsedDataPacket.Header[1] != 0xEF)
 269              		.loc 1 153 5 is_stmt 1 view .LVU48
 270              		.loc 1 153 8 is_stmt 0 view .LVU49
 271 0010 FE2B     		cmp	r3, #254
 272 0012 01D1     		bne	.L15
 273              		.loc 1 153 44 discriminator 1 view .LVU50
 274 0014 EF2A     		cmp	r2, #239
 275 0016 09D0     		beq	.L16
 276              	.L15:
 154:UserAPP/Source/ReceiveDataProcess.c ****     {
 155:UserAPP/Source/ReceiveDataProcess.c ****         QueueSendfmt(xReceiveLogQueue, 0, "数据包头错误: %02X %02X\r\n", 
 277              		.loc 1 155 9 is_stmt 1 view .LVU51
 278 0018 0092     		str	r2, [sp]
 279 001a 154A     		ldr	r2, .L21+8
ARM GAS  C:\Users\Administrator\AppData\Local\Temp\cc6ZKNli.s 			page 9


 280 001c 0021     		movs	r1, #0
 281 001e 1548     		ldr	r0, .L21+12
 282 0020 0068     		ldr	r0, [r0]
 283 0022 FFF7FEFF 		bl	QueueSendfmt
 284              	.LVL12:
 156:UserAPP/Source/ReceiveDataProcess.c ****                     parsedDataPacket.Header[0], parsedDataPacket.Header[1]);
 157:UserAPP/Source/ReceiveDataProcess.c ****         return;
 285              		.loc 1 157 9 view .LVU52
 286              	.L14:
 158:UserAPP/Source/ReceiveDataProcess.c ****     }
 159:UserAPP/Source/ReceiveDataProcess.c **** 
 160:UserAPP/Source/ReceiveDataProcess.c ****     // 拆分校验和 (索引 63)
 161:UserAPP/Source/ReceiveDataProcess.c ****     parsedDataPacket.Checksum = dataPacket.data[63];
 162:UserAPP/Source/ReceiveDataProcess.c **** 
 163:UserAPP/Source/ReceiveDataProcess.c ****     // TODO: 检查CRC8校验位
 164:UserAPP/Source/ReceiveDataProcess.c ****     if (1)
 165:UserAPP/Source/ReceiveDataProcess.c ****     {
 166:UserAPP/Source/ReceiveDataProcess.c ****         /* code */
 167:UserAPP/Source/ReceiveDataProcess.c ****     }
 168:UserAPP/Source/ReceiveDataProcess.c ****     
 169:UserAPP/Source/ReceiveDataProcess.c ****     // 拆分命令字 (索引 2-3)
 170:UserAPP/Source/ReceiveDataProcess.c ****     parsedDataPacket.Command[0] = dataPacket.data[2];
 171:UserAPP/Source/ReceiveDataProcess.c ****     parsedDataPacket.Command[1] = dataPacket.data[3];
 172:UserAPP/Source/ReceiveDataProcess.c ****     // 将两个字节按大端拼成一个整型值并赋值给 commandValue
 173:UserAPP/Source/ReceiveDataProcess.c ****     uint16_t commandValue = parsedDataPacket.Command[0] + parsedDataPacket.Command[1];
 174:UserAPP/Source/ReceiveDataProcess.c **** 
 175:UserAPP/Source/ReceiveDataProcess.c ****     // 拆分有效载荷 (索引 4-62，共59字节)
 176:UserAPP/Source/ReceiveDataProcess.c ****     for (uint8_t i = 0; i < 59; i++)
 177:UserAPP/Source/ReceiveDataProcess.c ****     {
 178:UserAPP/Source/ReceiveDataProcess.c ****         parsedDataPacket.Payload[i] = dataPacket.data[4 + i];
 179:UserAPP/Source/ReceiveDataProcess.c ****     }
 180:UserAPP/Source/ReceiveDataProcess.c **** 
 181:UserAPP/Source/ReceiveDataProcess.c ****     
 182:UserAPP/Source/ReceiveDataProcess.c ****     
 183:UserAPP/Source/ReceiveDataProcess.c ****     // 发送解析成功的日志
 184:UserAPP/Source/ReceiveDataProcess.c ****     QueueSendfmt(xReceiveLogQueue, 0, "数据包解析成功，执行任务: %d \r\n", commandValue
 185:UserAPP/Source/ReceiveDataProcess.c **** }...
 287              		.loc 1 185 1 is_stmt 0 view .LVU53
 288 0026 03B0     		add	sp, sp, #12
 289              	.LCFI7:
 290              		.cfi_remember_state
 291              		.cfi_def_cfa_offset 4
 292              		@ sp needed
 293 0028 5DF804FB 		ldr	pc, [sp], #4
 294              	.L16:
 295              	.LCFI8:
 296              		.cfi_restore_state
 161:UserAPP/Source/ReceiveDataProcess.c ****     parsedDataPacket.Checksum = dataPacket.data[63];
 297              		.loc 1 161 5 is_stmt 1 view .LVU54
 161:UserAPP/Source/ReceiveDataProcess.c ****     parsedDataPacket.Checksum = dataPacket.data[63];
 298              		.loc 1 161 48 is_stmt 0 view .LVU55
 299 002c 0E49     		ldr	r1, .L21
 300 002e 91F83F30 		ldrb	r3, [r1, #63]	@ zero_extendqisi2
 161:UserAPP/Source/ReceiveDataProcess.c ****     parsedDataPacket.Checksum = dataPacket.data[63];
 301              		.loc 1 161 31 view .LVU56
 302 0032 0E4A     		ldr	r2, .L21+4
 303 0034 82F83F30 		strb	r3, [r2, #63]
ARM GAS  C:\Users\Administrator\AppData\Local\Temp\cc6ZKNli.s 			page 10


 164:UserAPP/Source/ReceiveDataProcess.c ****     if (1)
 304              		.loc 1 164 5 is_stmt 1 view .LVU57
 167:UserAPP/Source/ReceiveDataProcess.c ****     }
 305              		.loc 1 167 5 view .LVU58
 170:UserAPP/Source/ReceiveDataProcess.c ****     parsedDataPacket.Command[0] = dataPacket.data[2];
 306              		.loc 1 170 5 view .LVU59
 170:UserAPP/Source/ReceiveDataProcess.c ****     parsedDataPacket.Command[0] = dataPacket.data[2];
 307              		.loc 1 170 50 is_stmt 0 view .LVU60
 308 0038 8B78     		ldrb	r3, [r1, #2]	@ zero_extendqisi2
 170:UserAPP/Source/ReceiveDataProcess.c ****     parsedDataPacket.Command[0] = dataPacket.data[2];
 309              		.loc 1 170 33 view .LVU61
 310 003a 9370     		strb	r3, [r2, #2]
 171:UserAPP/Source/ReceiveDataProcess.c ****     parsedDataPacket.Command[1] = dataPacket.data[3];
 311              		.loc 1 171 5 is_stmt 1 view .LVU62
 171:UserAPP/Source/ReceiveDataProcess.c ****     parsedDataPacket.Command[1] = dataPacket.data[3];
 312              		.loc 1 171 50 is_stmt 0 view .LVU63
 313 003c C978     		ldrb	r1, [r1, #3]	@ zero_extendqisi2
 171:UserAPP/Source/ReceiveDataProcess.c ****     parsedDataPacket.Command[1] = dataPacket.data[3];
 314              		.loc 1 171 33 view .LVU64
 315 003e D170     		strb	r1, [r2, #3]
 173:UserAPP/Source/ReceiveDataProcess.c ****     uint16_t commandValue = parsedDataPacket.Command[0] + parsedDataPacket.Command[1];
 316              		.loc 1 173 5 is_stmt 1 view .LVU65
 173:UserAPP/Source/ReceiveDataProcess.c ****     uint16_t commandValue = parsedDataPacket.Command[0] + parsedDataPacket.Command[1];
 317              		.loc 1 173 14 is_stmt 0 view .LVU66
 318 0040 0B44     		add	r3, r3, r1
 319              	.LVL13:
 176:UserAPP/Source/ReceiveDataProcess.c ****     for (uint8_t i = 0; i < 59; i++)
 320              		.loc 1 176 5 is_stmt 1 view .LVU67
 321              	.LBB4:
 176:UserAPP/Source/ReceiveDataProcess.c ****     for (uint8_t i = 0; i < 59; i++)
 322              		.loc 1 176 10 view .LVU68
 176:UserAPP/Source/ReceiveDataProcess.c ****     for (uint8_t i = 0; i < 59; i++)
 323              		.loc 1 176 18 is_stmt 0 view .LVU69
 324 0042 0022     		movs	r2, #0
 176:UserAPP/Source/ReceiveDataProcess.c ****     for (uint8_t i = 0; i < 59; i++)
 325              		.loc 1 176 5 view .LVU70
 326 0044 07E0     		b	.L18
 327              	.LVL14:
 328              	.L19:
 178:UserAPP/Source/ReceiveDataProcess.c ****         parsedDataPacket.Payload[i] = dataPacket.data[4 + i];
 329              		.loc 1 178 9 is_stmt 1 view .LVU71
 178:UserAPP/Source/ReceiveDataProcess.c ****         parsedDataPacket.Payload[i] = dataPacket.data[4 + i];
 330              		.loc 1 178 57 is_stmt 0 view .LVU72
 331 0046 111D     		adds	r1, r2, #4
 178:UserAPP/Source/ReceiveDataProcess.c ****         parsedDataPacket.Payload[i] = dataPacket.data[4 + i];
 332              		.loc 1 178 54 view .LVU73
 333 0048 0748     		ldr	r0, .L21
 334 004a 405C     		ldrb	r0, [r0, r1]	@ zero_extendqisi2
 178:UserAPP/Source/ReceiveDataProcess.c ****         parsedDataPacket.Payload[i] = dataPacket.data[4 + i];
 335              		.loc 1 178 37 view .LVU74
 336 004c 0749     		ldr	r1, .L21+4
 337 004e 1144     		add	r1, r1, r2
 338 0050 0871     		strb	r0, [r1, #4]
 176:UserAPP/Source/ReceiveDataProcess.c ****     for (uint8_t i = 0; i < 59; i++)
 339              		.loc 1 176 34 is_stmt 1 discriminator 3 view .LVU75
 340 0052 0132     		adds	r2, r2, #1
 341              	.LVL15:
ARM GAS  C:\Users\Administrator\AppData\Local\Temp\cc6ZKNli.s 			page 11


 176:UserAPP/Source/ReceiveDataProcess.c ****     for (uint8_t i = 0; i < 59; i++)
 342              		.loc 1 176 34 is_stmt 0 discriminator 3 view .LVU76
 343 0054 D2B2     		uxtb	r2, r2
 344              	.LVL16:
 345              	.L18:
 176:UserAPP/Source/ReceiveDataProcess.c ****     for (uint8_t i = 0; i < 59; i++)
 346              		.loc 1 176 27 is_stmt 1 discriminator 1 view .LVU77
 347 0056 3A2A     		cmp	r2, #58
 348 0058 F5D9     		bls	.L19
 349              	.LBE4:
 184:UserAPP/Source/ReceiveDataProcess.c ****     QueueSendfmt(xReceiveLogQueue, 0, "数据包解析成功，执行任务: %d \r\n", commandValue
 350              		.loc 1 184 5 view .LVU78
 351 005a 074A     		ldr	r2, .L21+16
 352              	.LVL17:
 184:UserAPP/Source/ReceiveDataProcess.c ****     QueueSendfmt(xReceiveLogQueue, 0, "数据包解析成功，执行任务: %d \r\n", commandValue
 353              		.loc 1 184 5 is_stmt 0 view .LVU79
 354 005c 0021     		movs	r1, #0
 355 005e 0548     		ldr	r0, .L21+12
 356 0060 0068     		ldr	r0, [r0]
 357 0062 FFF7FEFF 		bl	QueueSendfmt
 358              	.LVL18:
 184:UserAPP/Source/ReceiveDataProcess.c ****     QueueSendfmt(xReceiveLogQueue, 0, "数据包解析成功，执行任务: %d \r\n", commandValue
 359              		.loc 1 184 5 view .LVU80
 360 0066 DEE7     		b	.L14
 361              	.L22:
 362              		.align	2
 363              	.L21:
 364 0068 00000000 		.word	dataPacket
 365 006c 00000000 		.word	parsedDataPacket
 366 0070 00000000 		.word	.LC1
 367 0074 00000000 		.word	xReceiveLogQueue
 368 0078 20000000 		.word	.LC2
 369              		.cfi_endproc
 370              	.LFE83:
 372              		.section	.text.vReceiveDataProcessTask,"ax",%progbits
 373              		.align	1
 374              		.global	vReceiveDataProcessTask
 375              		.syntax unified
 376              		.thumb
 377              		.thumb_func
 379              	vReceiveDataProcessTask:
 380              	.LVL19:
 381              	.LFB80:
  55:UserAPP/Source/ReceiveDataProcess.c **** {
 382              		.loc 1 55 1 is_stmt 1 view -0
 383              		.cfi_startproc
 384              		@ Volatile: function does not return.
 385              		@ args = 0, pretend = 0, frame = 0
 386              		@ frame_needed = 0, uses_anonymous_args = 0
  55:UserAPP/Source/ReceiveDataProcess.c **** {
 387              		.loc 1 55 1 is_stmt 0 view .LVU82
 388 0000 08B5     		push	{r3, lr}
 389              	.LCFI9:
 390              		.cfi_def_cfa_offset 8
 391              		.cfi_offset 3, -8
 392              		.cfi_offset 14, -4
  57:UserAPP/Source/ReceiveDataProcess.c ****     configASSERT( ( ( uint32_t ) pvParameters ) == 1 );
ARM GAS  C:\Users\Administrator\AppData\Local\Temp\cc6ZKNli.s 			page 12


 393              		.loc 1 57 5 is_stmt 1 view .LVU83
 394 0002 0128     		cmp	r0, #1
 395 0004 08D0     		beq	.L26
  57:UserAPP/Source/ReceiveDataProcess.c ****     configASSERT( ( ( uint32_t ) pvParameters ) == 1 );
 396              		.loc 1 57 5 discriminator 1 view .LVU84
 397              	.LBB5:
 398              	.LBI5:
 399              		.file 2 "Middlewares/Third_Party/FreeRTOS/Source/portable/GCC/ARM_CM3/portmacro.h"
   1:Middlewares/Third_Party/FreeRTOS/Source/portable/GCC/ARM_CM3/portmacro.h **** /*
   2:Middlewares/Third_Party/FreeRTOS/Source/portable/GCC/ARM_CM3/portmacro.h ****  * FreeRTOS Kernel V10.3.1
   3:Middlewares/Third_Party/FreeRTOS/Source/portable/GCC/ARM_CM3/portmacro.h ****  * Copyright (C) 2020 Amazon.com, Inc. or its affiliates.  All Rights Reserved.
   4:Middlewares/Third_Party/FreeRTOS/Source/portable/GCC/ARM_CM3/portmacro.h ****  *
   5:Middlewares/Third_Party/FreeRTOS/Source/portable/GCC/ARM_CM3/portmacro.h ****  * Permission is hereby granted, free of charge, to any person obtaining a copy of
   6:Middlewares/Third_Party/FreeRTOS/Source/portable/GCC/ARM_CM3/portmacro.h ****  * this software and associated documentation files (the "Software"), to deal in
   7:Middlewares/Third_Party/FreeRTOS/Source/portable/GCC/ARM_CM3/portmacro.h ****  * the Software without restriction, including without limitation the rights to
   8:Middlewares/Third_Party/FreeRTOS/Source/portable/GCC/ARM_CM3/portmacro.h ****  * use, copy, modify, merge, publish, distribute, sublicense, and/or sell copies of
   9:Middlewares/Third_Party/FreeRTOS/Source/portable/GCC/ARM_CM3/portmacro.h ****  * the Software, and to permit persons to whom the Software is furnished to do so,
  10:Middlewares/Third_Party/FreeRTOS/Source/portable/GCC/ARM_CM3/portmacro.h ****  * subject to the following conditions:
  11:Middlewares/Third_Party/FreeRTOS/Source/portable/GCC/ARM_CM3/portmacro.h ****  *
  12:Middlewares/Third_Party/FreeRTOS/Source/portable/GCC/ARM_CM3/portmacro.h ****  * The above copyright notice and this permission notice shall be included in all
  13:Middlewares/Third_Party/FreeRTOS/Source/portable/GCC/ARM_CM3/portmacro.h ****  * copies or substantial portions of the Software.
  14:Middlewares/Third_Party/FreeRTOS/Source/portable/GCC/ARM_CM3/portmacro.h ****  *
  15:Middlewares/Third_Party/FreeRTOS/Source/portable/GCC/ARM_CM3/portmacro.h ****  * THE SOFTWARE IS PROVIDED "AS IS", WITHOUT WARRANTY OF ANY KIND, EXPRESS OR
  16:Middlewares/Third_Party/FreeRTOS/Source/portable/GCC/ARM_CM3/portmacro.h ****  * IMPLIED, INCLUDING BUT NOT LIMITED TO THE WARRANTIES OF MERCHANTABILITY, FITNESS
  17:Middlewares/Third_Party/FreeRTOS/Source/portable/GCC/ARM_CM3/portmacro.h ****  * FOR A PARTICULAR PURPOSE AND NONINFRINGEMENT. IN NO EVENT SHALL THE AUTHORS OR
  18:Middlewares/Third_Party/FreeRTOS/Source/portable/GCC/ARM_CM3/portmacro.h ****  * COPYRIGHT HOLDERS BE LIABLE FOR ANY CLAIM, DAMAGES OR OTHER LIABILITY, WHETHER
  19:Middlewares/Third_Party/FreeRTOS/Source/portable/GCC/ARM_CM3/portmacro.h ****  * IN AN ACTION OF CONTRACT, TORT OR OTHERWISE, ARISING FROM, OUT OF OR IN
  20:Middlewares/Third_Party/FreeRTOS/Source/portable/GCC/ARM_CM3/portmacro.h ****  * CONNECTION WITH THE SOFTWARE OR THE USE OR OTHER DEALINGS IN THE SOFTWARE.
  21:Middlewares/Third_Party/FreeRTOS/Source/portable/GCC/ARM_CM3/portmacro.h ****  *
  22:Middlewares/Third_Party/FreeRTOS/Source/portable/GCC/ARM_CM3/portmacro.h ****  * http://www.FreeRTOS.org
  23:Middlewares/Third_Party/FreeRTOS/Source/portable/GCC/ARM_CM3/portmacro.h ****  * http://aws.amazon.com/freertos
  24:Middlewares/Third_Party/FreeRTOS/Source/portable/GCC/ARM_CM3/portmacro.h ****  *
  25:Middlewares/Third_Party/FreeRTOS/Source/portable/GCC/ARM_CM3/portmacro.h ****  * 1 tab == 4 spaces!
  26:Middlewares/Third_Party/FreeRTOS/Source/portable/GCC/ARM_CM3/portmacro.h ****  */
  27:Middlewares/Third_Party/FreeRTOS/Source/portable/GCC/ARM_CM3/portmacro.h **** 
  28:Middlewares/Third_Party/FreeRTOS/Source/portable/GCC/ARM_CM3/portmacro.h **** 
  29:Middlewares/Third_Party/FreeRTOS/Source/portable/GCC/ARM_CM3/portmacro.h **** #ifndef PORTMACRO_H
  30:Middlewares/Third_Party/FreeRTOS/Source/portable/GCC/ARM_CM3/portmacro.h **** #define PORTMACRO_H
  31:Middlewares/Third_Party/FreeRTOS/Source/portable/GCC/ARM_CM3/portmacro.h **** 
  32:Middlewares/Third_Party/FreeRTOS/Source/portable/GCC/ARM_CM3/portmacro.h **** #ifdef __cplusplus
  33:Middlewares/Third_Party/FreeRTOS/Source/portable/GCC/ARM_CM3/portmacro.h **** extern "C" {
  34:Middlewares/Third_Party/FreeRTOS/Source/portable/GCC/ARM_CM3/portmacro.h **** #endif
  35:Middlewares/Third_Party/FreeRTOS/Source/portable/GCC/ARM_CM3/portmacro.h **** 
  36:Middlewares/Third_Party/FreeRTOS/Source/portable/GCC/ARM_CM3/portmacro.h **** /*-----------------------------------------------------------
  37:Middlewares/Third_Party/FreeRTOS/Source/portable/GCC/ARM_CM3/portmacro.h ****  * Port specific definitions.
  38:Middlewares/Third_Party/FreeRTOS/Source/portable/GCC/ARM_CM3/portmacro.h ****  *
  39:Middlewares/Third_Party/FreeRTOS/Source/portable/GCC/ARM_CM3/portmacro.h ****  * The settings in this file configure FreeRTOS correctly for the
  40:Middlewares/Third_Party/FreeRTOS/Source/portable/GCC/ARM_CM3/portmacro.h ****  * given hardware and compiler.
  41:Middlewares/Third_Party/FreeRTOS/Source/portable/GCC/ARM_CM3/portmacro.h ****  *
  42:Middlewares/Third_Party/FreeRTOS/Source/portable/GCC/ARM_CM3/portmacro.h ****  * These settings should not be altered.
  43:Middlewares/Third_Party/FreeRTOS/Source/portable/GCC/ARM_CM3/portmacro.h ****  *-----------------------------------------------------------
  44:Middlewares/Third_Party/FreeRTOS/Source/portable/GCC/ARM_CM3/portmacro.h ****  */
  45:Middlewares/Third_Party/FreeRTOS/Source/portable/GCC/ARM_CM3/portmacro.h **** 
  46:Middlewares/Third_Party/FreeRTOS/Source/portable/GCC/ARM_CM3/portmacro.h **** /* Type definitions. */
  47:Middlewares/Third_Party/FreeRTOS/Source/portable/GCC/ARM_CM3/portmacro.h **** #define portCHAR		char
  48:Middlewares/Third_Party/FreeRTOS/Source/portable/GCC/ARM_CM3/portmacro.h **** #define portFLOAT		float
  49:Middlewares/Third_Party/FreeRTOS/Source/portable/GCC/ARM_CM3/portmacro.h **** #define portDOUBLE		double
ARM GAS  C:\Users\Administrator\AppData\Local\Temp\cc6ZKNli.s 			page 13


  50:Middlewares/Third_Party/FreeRTOS/Source/portable/GCC/ARM_CM3/portmacro.h **** #define portLONG		long
  51:Middlewares/Third_Party/FreeRTOS/Source/portable/GCC/ARM_CM3/portmacro.h **** #define portSHORT		short
  52:Middlewares/Third_Party/FreeRTOS/Source/portable/GCC/ARM_CM3/portmacro.h **** #define portSTACK_TYPE	uint32_t
  53:Middlewares/Third_Party/FreeRTOS/Source/portable/GCC/ARM_CM3/portmacro.h **** #define portBASE_TYPE	long
  54:Middlewares/Third_Party/FreeRTOS/Source/portable/GCC/ARM_CM3/portmacro.h **** 
  55:Middlewares/Third_Party/FreeRTOS/Source/portable/GCC/ARM_CM3/portmacro.h **** typedef portSTACK_TYPE StackType_t;
  56:Middlewares/Third_Party/FreeRTOS/Source/portable/GCC/ARM_CM3/portmacro.h **** typedef long BaseType_t;
  57:Middlewares/Third_Party/FreeRTOS/Source/portable/GCC/ARM_CM3/portmacro.h **** typedef unsigned long UBaseType_t;
  58:Middlewares/Third_Party/FreeRTOS/Source/portable/GCC/ARM_CM3/portmacro.h **** 
  59:Middlewares/Third_Party/FreeRTOS/Source/portable/GCC/ARM_CM3/portmacro.h **** #if( configUSE_16_BIT_TICKS == 1 )
  60:Middlewares/Third_Party/FreeRTOS/Source/portable/GCC/ARM_CM3/portmacro.h **** 	typedef uint16_t TickType_t;
  61:Middlewares/Third_Party/FreeRTOS/Source/portable/GCC/ARM_CM3/portmacro.h **** 	#define portMAX_DELAY ( TickType_t ) 0xffff
  62:Middlewares/Third_Party/FreeRTOS/Source/portable/GCC/ARM_CM3/portmacro.h **** #else
  63:Middlewares/Third_Party/FreeRTOS/Source/portable/GCC/ARM_CM3/portmacro.h **** 	typedef uint32_t TickType_t;
  64:Middlewares/Third_Party/FreeRTOS/Source/portable/GCC/ARM_CM3/portmacro.h **** 	#define portMAX_DELAY ( TickType_t ) 0xffffffffUL
  65:Middlewares/Third_Party/FreeRTOS/Source/portable/GCC/ARM_CM3/portmacro.h **** 
  66:Middlewares/Third_Party/FreeRTOS/Source/portable/GCC/ARM_CM3/portmacro.h **** 	/* 32-bit tick type on a 32-bit architecture, so reads of the tick count do
  67:Middlewares/Third_Party/FreeRTOS/Source/portable/GCC/ARM_CM3/portmacro.h **** 	not need to be guarded with a critical section. */
  68:Middlewares/Third_Party/FreeRTOS/Source/portable/GCC/ARM_CM3/portmacro.h **** 	#define portTICK_TYPE_IS_ATOMIC 1
  69:Middlewares/Third_Party/FreeRTOS/Source/portable/GCC/ARM_CM3/portmacro.h **** #endif
  70:Middlewares/Third_Party/FreeRTOS/Source/portable/GCC/ARM_CM3/portmacro.h **** /*-----------------------------------------------------------*/
  71:Middlewares/Third_Party/FreeRTOS/Source/portable/GCC/ARM_CM3/portmacro.h **** 
  72:Middlewares/Third_Party/FreeRTOS/Source/portable/GCC/ARM_CM3/portmacro.h **** /* Architecture specifics. */
  73:Middlewares/Third_Party/FreeRTOS/Source/portable/GCC/ARM_CM3/portmacro.h **** #define portSTACK_GROWTH			( -1 )
  74:Middlewares/Third_Party/FreeRTOS/Source/portable/GCC/ARM_CM3/portmacro.h **** #define portTICK_PERIOD_MS			( ( TickType_t ) 1000 / configTICK_RATE_HZ )
  75:Middlewares/Third_Party/FreeRTOS/Source/portable/GCC/ARM_CM3/portmacro.h **** #define portBYTE_ALIGNMENT			8
  76:Middlewares/Third_Party/FreeRTOS/Source/portable/GCC/ARM_CM3/portmacro.h **** /*-----------------------------------------------------------*/
  77:Middlewares/Third_Party/FreeRTOS/Source/portable/GCC/ARM_CM3/portmacro.h **** 
  78:Middlewares/Third_Party/FreeRTOS/Source/portable/GCC/ARM_CM3/portmacro.h **** /* Scheduler utilities. */
  79:Middlewares/Third_Party/FreeRTOS/Source/portable/GCC/ARM_CM3/portmacro.h **** #define portYIELD() 															\
  80:Middlewares/Third_Party/FreeRTOS/Source/portable/GCC/ARM_CM3/portmacro.h **** {																				\
  81:Middlewares/Third_Party/FreeRTOS/Source/portable/GCC/ARM_CM3/portmacro.h **** 	/* Set a PendSV to request a context switch. */								\
  82:Middlewares/Third_Party/FreeRTOS/Source/portable/GCC/ARM_CM3/portmacro.h **** 	portNVIC_INT_CTRL_REG = portNVIC_PENDSVSET_BIT;								\
  83:Middlewares/Third_Party/FreeRTOS/Source/portable/GCC/ARM_CM3/portmacro.h **** 																				\
  84:Middlewares/Third_Party/FreeRTOS/Source/portable/GCC/ARM_CM3/portmacro.h **** 	/* Barriers are normally not required but do ensure the code is completely	\
  85:Middlewares/Third_Party/FreeRTOS/Source/portable/GCC/ARM_CM3/portmacro.h **** 	within the specified behaviour for the architecture. */						\
  86:Middlewares/Third_Party/FreeRTOS/Source/portable/GCC/ARM_CM3/portmacro.h **** 	__asm volatile( "dsb" ::: "memory" );										\
  87:Middlewares/Third_Party/FreeRTOS/Source/portable/GCC/ARM_CM3/portmacro.h **** 	__asm volatile( "isb" );													\
  88:Middlewares/Third_Party/FreeRTOS/Source/portable/GCC/ARM_CM3/portmacro.h **** }
  89:Middlewares/Third_Party/FreeRTOS/Source/portable/GCC/ARM_CM3/portmacro.h **** 
  90:Middlewares/Third_Party/FreeRTOS/Source/portable/GCC/ARM_CM3/portmacro.h **** #define portNVIC_INT_CTRL_REG		( * ( ( volatile uint32_t * ) 0xe000ed04 ) )
  91:Middlewares/Third_Party/FreeRTOS/Source/portable/GCC/ARM_CM3/portmacro.h **** #define portNVIC_PENDSVSET_BIT		( 1UL << 28UL )
  92:Middlewares/Third_Party/FreeRTOS/Source/portable/GCC/ARM_CM3/portmacro.h **** #define portEND_SWITCHING_ISR( xSwitchRequired ) if( xSwitchRequired != pdFALSE ) portYIELD()
  93:Middlewares/Third_Party/FreeRTOS/Source/portable/GCC/ARM_CM3/portmacro.h **** #define portYIELD_FROM_ISR( x ) portEND_SWITCHING_ISR( x )
  94:Middlewares/Third_Party/FreeRTOS/Source/portable/GCC/ARM_CM3/portmacro.h **** /*-----------------------------------------------------------*/
  95:Middlewares/Third_Party/FreeRTOS/Source/portable/GCC/ARM_CM3/portmacro.h **** 
  96:Middlewares/Third_Party/FreeRTOS/Source/portable/GCC/ARM_CM3/portmacro.h **** /* Critical section management. */
  97:Middlewares/Third_Party/FreeRTOS/Source/portable/GCC/ARM_CM3/portmacro.h **** extern void vPortEnterCritical( void );
  98:Middlewares/Third_Party/FreeRTOS/Source/portable/GCC/ARM_CM3/portmacro.h **** extern void vPortExitCritical( void );
  99:Middlewares/Third_Party/FreeRTOS/Source/portable/GCC/ARM_CM3/portmacro.h **** #define portSET_INTERRUPT_MASK_FROM_ISR()		ulPortRaiseBASEPRI()
 100:Middlewares/Third_Party/FreeRTOS/Source/portable/GCC/ARM_CM3/portmacro.h **** #define portCLEAR_INTERRUPT_MASK_FROM_ISR(x)	vPortSetBASEPRI(x)
 101:Middlewares/Third_Party/FreeRTOS/Source/portable/GCC/ARM_CM3/portmacro.h **** #define portDISABLE_INTERRUPTS()				vPortRaiseBASEPRI()
 102:Middlewares/Third_Party/FreeRTOS/Source/portable/GCC/ARM_CM3/portmacro.h **** #define portENABLE_INTERRUPTS()					vPortSetBASEPRI(0)
 103:Middlewares/Third_Party/FreeRTOS/Source/portable/GCC/ARM_CM3/portmacro.h **** #define portENTER_CRITICAL()					vPortEnterCritical()
 104:Middlewares/Third_Party/FreeRTOS/Source/portable/GCC/ARM_CM3/portmacro.h **** #define portEXIT_CRITICAL()						vPortExitCritical()
 105:Middlewares/Third_Party/FreeRTOS/Source/portable/GCC/ARM_CM3/portmacro.h **** 
 106:Middlewares/Third_Party/FreeRTOS/Source/portable/GCC/ARM_CM3/portmacro.h **** /*-----------------------------------------------------------*/
ARM GAS  C:\Users\Administrator\AppData\Local\Temp\cc6ZKNli.s 			page 14


 107:Middlewares/Third_Party/FreeRTOS/Source/portable/GCC/ARM_CM3/portmacro.h **** 
 108:Middlewares/Third_Party/FreeRTOS/Source/portable/GCC/ARM_CM3/portmacro.h **** /* Task function macros as described on the FreeRTOS.org WEB site.  These are
 109:Middlewares/Third_Party/FreeRTOS/Source/portable/GCC/ARM_CM3/portmacro.h **** not necessary for to use this port.  They are defined so the common demo files
 110:Middlewares/Third_Party/FreeRTOS/Source/portable/GCC/ARM_CM3/portmacro.h **** (which build with all the ports) will build. */
 111:Middlewares/Third_Party/FreeRTOS/Source/portable/GCC/ARM_CM3/portmacro.h **** #define portTASK_FUNCTION_PROTO( vFunction, pvParameters ) void vFunction( void *pvParameters )
 112:Middlewares/Third_Party/FreeRTOS/Source/portable/GCC/ARM_CM3/portmacro.h **** #define portTASK_FUNCTION( vFunction, pvParameters ) void vFunction( void *pvParameters )
 113:Middlewares/Third_Party/FreeRTOS/Source/portable/GCC/ARM_CM3/portmacro.h **** /*-----------------------------------------------------------*/
 114:Middlewares/Third_Party/FreeRTOS/Source/portable/GCC/ARM_CM3/portmacro.h **** 
 115:Middlewares/Third_Party/FreeRTOS/Source/portable/GCC/ARM_CM3/portmacro.h **** /* Tickless idle/low power functionality. */
 116:Middlewares/Third_Party/FreeRTOS/Source/portable/GCC/ARM_CM3/portmacro.h **** #ifndef portSUPPRESS_TICKS_AND_SLEEP
 117:Middlewares/Third_Party/FreeRTOS/Source/portable/GCC/ARM_CM3/portmacro.h **** 	extern void vPortSuppressTicksAndSleep( TickType_t xExpectedIdleTime );
 118:Middlewares/Third_Party/FreeRTOS/Source/portable/GCC/ARM_CM3/portmacro.h **** 	#define portSUPPRESS_TICKS_AND_SLEEP( xExpectedIdleTime ) vPortSuppressTicksAndSleep( xExpectedIdl
 119:Middlewares/Third_Party/FreeRTOS/Source/portable/GCC/ARM_CM3/portmacro.h **** #endif
 120:Middlewares/Third_Party/FreeRTOS/Source/portable/GCC/ARM_CM3/portmacro.h **** /*-----------------------------------------------------------*/
 121:Middlewares/Third_Party/FreeRTOS/Source/portable/GCC/ARM_CM3/portmacro.h **** 
 122:Middlewares/Third_Party/FreeRTOS/Source/portable/GCC/ARM_CM3/portmacro.h **** /* Architecture specific optimisations. */
 123:Middlewares/Third_Party/FreeRTOS/Source/portable/GCC/ARM_CM3/portmacro.h **** #ifndef configUSE_PORT_OPTIMISED_TASK_SELECTION
 124:Middlewares/Third_Party/FreeRTOS/Source/portable/GCC/ARM_CM3/portmacro.h **** 	#define configUSE_PORT_OPTIMISED_TASK_SELECTION 1
 125:Middlewares/Third_Party/FreeRTOS/Source/portable/GCC/ARM_CM3/portmacro.h **** #endif
 126:Middlewares/Third_Party/FreeRTOS/Source/portable/GCC/ARM_CM3/portmacro.h **** 
 127:Middlewares/Third_Party/FreeRTOS/Source/portable/GCC/ARM_CM3/portmacro.h **** #if configUSE_PORT_OPTIMISED_TASK_SELECTION == 1
 128:Middlewares/Third_Party/FreeRTOS/Source/portable/GCC/ARM_CM3/portmacro.h **** 
 129:Middlewares/Third_Party/FreeRTOS/Source/portable/GCC/ARM_CM3/portmacro.h **** 	/* Generic helper function. */
 130:Middlewares/Third_Party/FreeRTOS/Source/portable/GCC/ARM_CM3/portmacro.h **** 	__attribute__( ( always_inline ) ) static inline uint8_t ucPortCountLeadingZeros( uint32_t ulBitma
 131:Middlewares/Third_Party/FreeRTOS/Source/portable/GCC/ARM_CM3/portmacro.h **** 	{
 132:Middlewares/Third_Party/FreeRTOS/Source/portable/GCC/ARM_CM3/portmacro.h **** 	uint8_t ucReturn;
 133:Middlewares/Third_Party/FreeRTOS/Source/portable/GCC/ARM_CM3/portmacro.h **** 
 134:Middlewares/Third_Party/FreeRTOS/Source/portable/GCC/ARM_CM3/portmacro.h **** 		__asm volatile ( "clz %0, %1" : "=r" ( ucReturn ) : "r" ( ulBitmap ) : "memory" );
 135:Middlewares/Third_Party/FreeRTOS/Source/portable/GCC/ARM_CM3/portmacro.h **** 		return ucReturn;
 136:Middlewares/Third_Party/FreeRTOS/Source/portable/GCC/ARM_CM3/portmacro.h **** 	}
 137:Middlewares/Third_Party/FreeRTOS/Source/portable/GCC/ARM_CM3/portmacro.h **** 
 138:Middlewares/Third_Party/FreeRTOS/Source/portable/GCC/ARM_CM3/portmacro.h **** 	/* Check the configuration. */
 139:Middlewares/Third_Party/FreeRTOS/Source/portable/GCC/ARM_CM3/portmacro.h **** 	#if( configMAX_PRIORITIES > 32 )
 140:Middlewares/Third_Party/FreeRTOS/Source/portable/GCC/ARM_CM3/portmacro.h **** 		#error configUSE_PORT_OPTIMISED_TASK_SELECTION can only be set to 1 when configMAX_PRIORITIES is 
 141:Middlewares/Third_Party/FreeRTOS/Source/portable/GCC/ARM_CM3/portmacro.h **** 	#endif
 142:Middlewares/Third_Party/FreeRTOS/Source/portable/GCC/ARM_CM3/portmacro.h **** 
 143:Middlewares/Third_Party/FreeRTOS/Source/portable/GCC/ARM_CM3/portmacro.h **** 	/* Store/clear the ready priorities in a bit map. */
 144:Middlewares/Third_Party/FreeRTOS/Source/portable/GCC/ARM_CM3/portmacro.h **** 	#define portRECORD_READY_PRIORITY( uxPriority, uxReadyPriorities ) ( uxReadyPriorities ) |= ( 1UL 
 145:Middlewares/Third_Party/FreeRTOS/Source/portable/GCC/ARM_CM3/portmacro.h **** 	#define portRESET_READY_PRIORITY( uxPriority, uxReadyPriorities ) ( uxReadyPriorities ) &= ~( 1UL 
 146:Middlewares/Third_Party/FreeRTOS/Source/portable/GCC/ARM_CM3/portmacro.h **** 
 147:Middlewares/Third_Party/FreeRTOS/Source/portable/GCC/ARM_CM3/portmacro.h **** 	/*-----------------------------------------------------------*/
 148:Middlewares/Third_Party/FreeRTOS/Source/portable/GCC/ARM_CM3/portmacro.h **** 
 149:Middlewares/Third_Party/FreeRTOS/Source/portable/GCC/ARM_CM3/portmacro.h **** 	#define portGET_HIGHEST_PRIORITY( uxTopPriority, uxReadyPriorities ) uxTopPriority = ( 31UL - ( ui
 150:Middlewares/Third_Party/FreeRTOS/Source/portable/GCC/ARM_CM3/portmacro.h **** 
 151:Middlewares/Third_Party/FreeRTOS/Source/portable/GCC/ARM_CM3/portmacro.h **** #endif /* configUSE_PORT_OPTIMISED_TASK_SELECTION */
 152:Middlewares/Third_Party/FreeRTOS/Source/portable/GCC/ARM_CM3/portmacro.h **** 
 153:Middlewares/Third_Party/FreeRTOS/Source/portable/GCC/ARM_CM3/portmacro.h **** /*-----------------------------------------------------------*/
 154:Middlewares/Third_Party/FreeRTOS/Source/portable/GCC/ARM_CM3/portmacro.h **** 
 155:Middlewares/Third_Party/FreeRTOS/Source/portable/GCC/ARM_CM3/portmacro.h **** #ifdef configASSERT
 156:Middlewares/Third_Party/FreeRTOS/Source/portable/GCC/ARM_CM3/portmacro.h **** 	void vPortValidateInterruptPriority( void );
 157:Middlewares/Third_Party/FreeRTOS/Source/portable/GCC/ARM_CM3/portmacro.h **** 	#define portASSERT_IF_INTERRUPT_PRIORITY_INVALID() 	vPortValidateInterruptPriority()
 158:Middlewares/Third_Party/FreeRTOS/Source/portable/GCC/ARM_CM3/portmacro.h **** #endif
 159:Middlewares/Third_Party/FreeRTOS/Source/portable/GCC/ARM_CM3/portmacro.h **** 
 160:Middlewares/Third_Party/FreeRTOS/Source/portable/GCC/ARM_CM3/portmacro.h **** /* portNOP() is not required by this port. */
 161:Middlewares/Third_Party/FreeRTOS/Source/portable/GCC/ARM_CM3/portmacro.h **** #define portNOP()
 162:Middlewares/Third_Party/FreeRTOS/Source/portable/GCC/ARM_CM3/portmacro.h **** 
 163:Middlewares/Third_Party/FreeRTOS/Source/portable/GCC/ARM_CM3/portmacro.h **** #define portINLINE	__inline
ARM GAS  C:\Users\Administrator\AppData\Local\Temp\cc6ZKNli.s 			page 15


 164:Middlewares/Third_Party/FreeRTOS/Source/portable/GCC/ARM_CM3/portmacro.h **** 
 165:Middlewares/Third_Party/FreeRTOS/Source/portable/GCC/ARM_CM3/portmacro.h **** #ifndef portFORCE_INLINE
 166:Middlewares/Third_Party/FreeRTOS/Source/portable/GCC/ARM_CM3/portmacro.h **** 	#define portFORCE_INLINE inline __attribute__(( always_inline))
 167:Middlewares/Third_Party/FreeRTOS/Source/portable/GCC/ARM_CM3/portmacro.h **** #endif
 168:Middlewares/Third_Party/FreeRTOS/Source/portable/GCC/ARM_CM3/portmacro.h **** 
 169:Middlewares/Third_Party/FreeRTOS/Source/portable/GCC/ARM_CM3/portmacro.h **** /*-----------------------------------------------------------*/
 170:Middlewares/Third_Party/FreeRTOS/Source/portable/GCC/ARM_CM3/portmacro.h **** 
 171:Middlewares/Third_Party/FreeRTOS/Source/portable/GCC/ARM_CM3/portmacro.h **** portFORCE_INLINE static BaseType_t xPortIsInsideInterrupt( void )
 172:Middlewares/Third_Party/FreeRTOS/Source/portable/GCC/ARM_CM3/portmacro.h **** {
 173:Middlewares/Third_Party/FreeRTOS/Source/portable/GCC/ARM_CM3/portmacro.h **** uint32_t ulCurrentInterrupt;
 174:Middlewares/Third_Party/FreeRTOS/Source/portable/GCC/ARM_CM3/portmacro.h **** BaseType_t xReturn;
 175:Middlewares/Third_Party/FreeRTOS/Source/portable/GCC/ARM_CM3/portmacro.h **** 
 176:Middlewares/Third_Party/FreeRTOS/Source/portable/GCC/ARM_CM3/portmacro.h **** 	/* Obtain the number of the currently executing interrupt. */
 177:Middlewares/Third_Party/FreeRTOS/Source/portable/GCC/ARM_CM3/portmacro.h **** 	__asm volatile( "mrs %0, ipsr" : "=r"( ulCurrentInterrupt ) :: "memory" );
 178:Middlewares/Third_Party/FreeRTOS/Source/portable/GCC/ARM_CM3/portmacro.h **** 
 179:Middlewares/Third_Party/FreeRTOS/Source/portable/GCC/ARM_CM3/portmacro.h **** 	if( ulCurrentInterrupt == 0 )
 180:Middlewares/Third_Party/FreeRTOS/Source/portable/GCC/ARM_CM3/portmacro.h **** 	{
 181:Middlewares/Third_Party/FreeRTOS/Source/portable/GCC/ARM_CM3/portmacro.h **** 		xReturn = pdFALSE;
 182:Middlewares/Third_Party/FreeRTOS/Source/portable/GCC/ARM_CM3/portmacro.h **** 	}
 183:Middlewares/Third_Party/FreeRTOS/Source/portable/GCC/ARM_CM3/portmacro.h **** 	else
 184:Middlewares/Third_Party/FreeRTOS/Source/portable/GCC/ARM_CM3/portmacro.h **** 	{
 185:Middlewares/Third_Party/FreeRTOS/Source/portable/GCC/ARM_CM3/portmacro.h **** 		xReturn = pdTRUE;
 186:Middlewares/Third_Party/FreeRTOS/Source/portable/GCC/ARM_CM3/portmacro.h **** 	}
 187:Middlewares/Third_Party/FreeRTOS/Source/portable/GCC/ARM_CM3/portmacro.h **** 
 188:Middlewares/Third_Party/FreeRTOS/Source/portable/GCC/ARM_CM3/portmacro.h **** 	return xReturn;
 189:Middlewares/Third_Party/FreeRTOS/Source/portable/GCC/ARM_CM3/portmacro.h **** }
 190:Middlewares/Third_Party/FreeRTOS/Source/portable/GCC/ARM_CM3/portmacro.h **** 
 191:Middlewares/Third_Party/FreeRTOS/Source/portable/GCC/ARM_CM3/portmacro.h **** /*-----------------------------------------------------------*/
 192:Middlewares/Third_Party/FreeRTOS/Source/portable/GCC/ARM_CM3/portmacro.h **** 
 193:Middlewares/Third_Party/FreeRTOS/Source/portable/GCC/ARM_CM3/portmacro.h **** portFORCE_INLINE static void vPortRaiseBASEPRI( void )
 400              		.loc 2 193 30 view .LVU85
 401              	.LBB6:
 194:Middlewares/Third_Party/FreeRTOS/Source/portable/GCC/ARM_CM3/portmacro.h **** {
 195:Middlewares/Third_Party/FreeRTOS/Source/portable/GCC/ARM_CM3/portmacro.h **** uint32_t ulNewBASEPRI;
 402              		.loc 2 195 1 view .LVU86
 196:Middlewares/Third_Party/FreeRTOS/Source/portable/GCC/ARM_CM3/portmacro.h **** 
 197:Middlewares/Third_Party/FreeRTOS/Source/portable/GCC/ARM_CM3/portmacro.h **** 	__asm volatile
 403              		.loc 2 197 2 view .LVU87
 404              		.syntax unified
 405              	@ 197 "Middlewares/Third_Party/FreeRTOS/Source/portable/GCC/ARM_CM3/portmacro.h" 1
 406 0006 4FF05003 			mov r3, #80												
 407 000a 83F31188 		msr basepri, r3											
 408 000e BFF36F8F 		isb														
 409 0012 BFF34F8F 		dsb														
 410              	
 411              	@ 0 "" 2
 412              		.thumb
 413              		.syntax unified
 414              	.L25:
 415              	.LBE6:
 416              	.LBE5:
  57:UserAPP/Source/ReceiveDataProcess.c ****     configASSERT( ( ( uint32_t ) pvParameters ) == 1 );
 417              		.loc 1 57 5 view .LVU88
  57:UserAPP/Source/ReceiveDataProcess.c ****     configASSERT( ( ( uint32_t ) pvParameters ) == 1 );
 418              		.loc 1 57 5 view .LVU89
 419 0016 FEE7     		b	.L25
 420              	.LVL20:
ARM GAS  C:\Users\Administrator\AppData\Local\Temp\cc6ZKNli.s 			page 16


 421              	.L26:
  57:UserAPP/Source/ReceiveDataProcess.c ****     configASSERT( ( ( uint32_t ) pvParameters ) == 1 );
 422              		.loc 1 57 55 view .LVU90
  59:UserAPP/Source/ReceiveDataProcess.c ****     for (;;)
 423              		.loc 1 59 5 view .LVU91
  61:UserAPP/Source/ReceiveDataProcess.c ****         if( xReceiveDataQueue != NULL )
 424              		.loc 1 61 9 view .LVU92
  61:UserAPP/Source/ReceiveDataProcess.c ****         if( xReceiveDataQueue != NULL )
 425              		.loc 1 61 31 is_stmt 0 view .LVU93
 426 0018 064B     		ldr	r3, .L29
 427 001a 1868     		ldr	r0, [r3]
  61:UserAPP/Source/ReceiveDataProcess.c ****         if( xReceiveDataQueue != NULL )
 428              		.loc 1 61 11 view .LVU94
 429 001c 0028     		cmp	r0, #0
 430 001e FBD0     		beq	.L26
  64:UserAPP/Source/ReceiveDataProcess.c ****             if( xQueueReceive( xReceiveDataQueue, &(dataPacket),(TickType_t) 0 ) == pdPASS )
 431              		.loc 1 64 13 is_stmt 1 view .LVU95
  64:UserAPP/Source/ReceiveDataProcess.c ****             if( xQueueReceive( xReceiveDataQueue, &(dataPacket),(TickType_t) 0 ) == pdPASS )
 432              		.loc 1 64 17 is_stmt 0 view .LVU96
 433 0020 0022     		movs	r2, #0
 434 0022 0549     		ldr	r1, .L29+4
 435 0024 FFF7FEFF 		bl	xQueueReceive
 436              	.LVL21:
  64:UserAPP/Source/ReceiveDataProcess.c ****             if( xQueueReceive( xReceiveDataQueue, &(dataPacket),(TickType_t) 0 ) == pdPASS )
 437              		.loc 1 64 15 discriminator 1 view .LVU97
 438 0028 0128     		cmp	r0, #1
 439 002a F5D1     		bne	.L26
  87:UserAPP/Source/ReceiveDataProcess.c ****                 vParseReceivedDataPacket();
 440              		.loc 1 87 17 is_stmt 1 view .LVU98
 441 002c FFF7FEFF 		bl	vParseReceivedDataPacket
 442              	.LVL22:
 443 0030 F2E7     		b	.L26
 444              	.L30:
 445 0032 00BF     		.align	2
 446              	.L29:
 447 0034 00000000 		.word	xReceiveDataQueue
 448 0038 00000000 		.word	dataPacket
 449              		.cfi_endproc
 450              	.LFE80:
 452              		.global	parsedDataPacket
 453              		.section	.bss.parsedDataPacket,"aw",%nobits
 454              		.align	2
 457              	parsedDataPacket:
 458 0000 00000000 		.space	64
 458      00000000 
 458      00000000 
 458      00000000 
 458      00000000 
 459              		.global	xHigherPriorityTaskWoken
 460              		.section	.bss.xHigherPriorityTaskWoken,"aw",%nobits
 461              		.align	2
 464              	xHigherPriorityTaskWoken:
 465 0000 00000000 		.space	4
 466              		.global	dataPacket
 467              		.section	.bss.dataPacket,"aw",%nobits
 468              		.align	2
 471              	dataPacket:
ARM GAS  C:\Users\Administrator\AppData\Local\Temp\cc6ZKNli.s 			page 17


 472 0000 00000000 		.space	66
 472      00000000 
 472      00000000 
 472      00000000 
 472      00000000 
 473              		.global	xReceiveDataQueue
 474              		.section	.bss.xReceiveDataQueue,"aw",%nobits
 475              		.align	2
 478              	xReceiveDataQueue:
 479 0000 00000000 		.space	4
 480              		.global	xCreateReceiveDataTaskHandle
 481              		.section	.bss.xCreateReceiveDataTaskHandle,"aw",%nobits
 482              		.align	2
 485              	xCreateReceiveDataTaskHandle:
 486 0000 00000000 		.space	4
 487              		.global	xCreateReceiveDataTaskReturned
 488              		.section	.bss.xCreateReceiveDataTaskReturned,"aw",%nobits
 489              		.align	2
 492              	xCreateReceiveDataTaskReturned:
 493 0000 00000000 		.space	4
 494              		.text
 495              	.Letext0:
 496              		.file 3 "D:/gcc-arm/14.3 rel1/arm-none-eabi/include/machine/_default_types.h"
 497              		.file 4 "D:/gcc-arm/14.3 rel1/arm-none-eabi/include/sys/_stdint.h"
 498              		.file 5 "Middlewares/Third_Party/FreeRTOS/Source/include/projdefs.h"
 499              		.file 6 "Middlewares/Third_Party/FreeRTOS/Source/include/task.h"
 500              		.file 7 "Middlewares/Third_Party/FreeRTOS/Source/include/queue.h"
 501              		.file 8 "UserAPP/Include/ReceiveDataProcess.h"
 502              		.file 9 "UserAPP/Include/SendLog.h"
 503              		.file 10 "D:/gcc-arm/14.3 rel1/arm-none-eabi/include/string.h"
 504              		.file 11 "<built-in>"
 505              		.file 12 "Middlewares/ST/STM32_USB_Device_Library/Core/Inc/usbd_def.h"
ARM GAS  C:\Users\Administrator\AppData\Local\Temp\cc6ZKNli.s 			page 18


DEFINED SYMBOLS
                            *ABS*:00000000 ReceiveDataProcess.c
C:\Users\Administrator\AppData\Local\Temp\cc6ZKNli.s:19     .text.vCreateReceiveDataQueueTask:00000000 $t
C:\Users\Administrator\AppData\Local\Temp\cc6ZKNli.s:25     .text.vCreateReceiveDataQueueTask:00000000 vCreateReceiveDataQueueTask
C:\Users\Administrator\AppData\Local\Temp\cc6ZKNli.s:57     .text.vCreateReceiveDataQueueTask:00000014 $d
C:\Users\Administrator\AppData\Local\Temp\cc6ZKNli.s:478    .bss.xReceiveDataQueue:00000000 xReceiveDataQueue
C:\Users\Administrator\AppData\Local\Temp\cc6ZKNli.s:62     .rodata.vCreateReceiveDataTask.str1.4:00000000 $d
C:\Users\Administrator\AppData\Local\Temp\cc6ZKNli.s:66     .text.vCreateReceiveDataTask:00000000 $t
C:\Users\Administrator\AppData\Local\Temp\cc6ZKNli.s:72     .text.vCreateReceiveDataTask:00000000 vCreateReceiveDataTask
C:\Users\Administrator\AppData\Local\Temp\cc6ZKNli.s:115    .text.vCreateReceiveDataTask:0000002c $d
C:\Users\Administrator\AppData\Local\Temp\cc6ZKNli.s:485    .bss.xCreateReceiveDataTaskHandle:00000000 xCreateReceiveDataTaskHandle
C:\Users\Administrator\AppData\Local\Temp\cc6ZKNli.s:379    .text.vReceiveDataProcessTask:00000000 vReceiveDataProcessTask
C:\Users\Administrator\AppData\Local\Temp\cc6ZKNli.s:492    .bss.xCreateReceiveDataTaskReturned:00000000 xCreateReceiveDataTaskReturned
C:\Users\Administrator\AppData\Local\Temp\cc6ZKNli.s:123    .text.vReceiveDataQueueSendISRTask:00000000 $t
C:\Users\Administrator\AppData\Local\Temp\cc6ZKNli.s:129    .text.vReceiveDataQueueSendISRTask:00000000 vReceiveDataQueueSendISRTask
C:\Users\Administrator\AppData\Local\Temp\cc6ZKNli.s:220    .text.vReceiveDataQueueSendISRTask:0000005c $d
C:\Users\Administrator\AppData\Local\Temp\cc6ZKNli.s:471    .bss.dataPacket:00000000 dataPacket
C:\Users\Administrator\AppData\Local\Temp\cc6ZKNli.s:464    .bss.xHigherPriorityTaskWoken:00000000 xHigherPriorityTaskWoken
C:\Users\Administrator\AppData\Local\Temp\cc6ZKNli.s:227    .rodata.vParseReceivedDataPacket.str1.4:00000000 $d
C:\Users\Administrator\AppData\Local\Temp\cc6ZKNli.s:238    .text.vParseReceivedDataPacket:00000000 $t
C:\Users\Administrator\AppData\Local\Temp\cc6ZKNli.s:244    .text.vParseReceivedDataPacket:00000000 vParseReceivedDataPacket
C:\Users\Administrator\AppData\Local\Temp\cc6ZKNli.s:364    .text.vParseReceivedDataPacket:00000068 $d
C:\Users\Administrator\AppData\Local\Temp\cc6ZKNli.s:457    .bss.parsedDataPacket:00000000 parsedDataPacket
C:\Users\Administrator\AppData\Local\Temp\cc6ZKNli.s:373    .text.vReceiveDataProcessTask:00000000 $t
C:\Users\Administrator\AppData\Local\Temp\cc6ZKNli.s:447    .text.vReceiveDataProcessTask:00000034 $d
C:\Users\Administrator\AppData\Local\Temp\cc6ZKNli.s:454    .bss.parsedDataPacket:00000000 $d
C:\Users\Administrator\AppData\Local\Temp\cc6ZKNli.s:461    .bss.xHigherPriorityTaskWoken:00000000 $d
C:\Users\Administrator\AppData\Local\Temp\cc6ZKNli.s:468    .bss.dataPacket:00000000 $d
C:\Users\Administrator\AppData\Local\Temp\cc6ZKNli.s:475    .bss.xReceiveDataQueue:00000000 $d
C:\Users\Administrator\AppData\Local\Temp\cc6ZKNli.s:482    .bss.xCreateReceiveDataTaskHandle:00000000 $d
C:\Users\Administrator\AppData\Local\Temp\cc6ZKNli.s:489    .bss.xCreateReceiveDataTaskReturned:00000000 $d

UNDEFINED SYMBOLS
xQueueGenericCreate
xTaskCreate
memset
memcpy
xQueueGenericSendFromISR
QueueSendfmt
xReceiveLogQueue
xQueueReceive
